{"/Users/sheenadiep/Desktop/kamkwamba/lap3/project3/YeOldeQuizzBackend/src/app.js": {"path":"/Users/sheenadiep/Desktop/kamkwamba/lap3/project3/YeOldeQuizzBackend/src/app.js","statementMap":{"0":{"start":{"line":1,"column":16},"end":{"line":1,"column":34}},"1":{"start":{"line":2,"column":13},"end":{"line":2,"column":28}},"2":{"start":{"line":3,"column":28},"end":{"line":3,"column":54}},"3":{"start":{"line":4,"column":21},"end":{"line":4,"column":40}},"4":{"start":{"line":6,"column":19},"end":{"line":6,"column":45}},"5":{"start":{"line":7,"column":21},"end":{"line":7,"column":48}},"6":{"start":{"line":8,"column":21},"end":{"line":8,"column":48}},"7":{"start":{"line":9,"column":20},"end":{"line":9,"column":46}},"8":{"start":{"line":11,"column":0},"end":{"line":11,"column":16}},"9":{"start":{"line":12,"column":0},"end":{"line":12,"column":24}},"10":{"start":{"line":14,"column":0},"end":{"line":14,"column":30}},"11":{"start":{"line":15,"column":0},"end":{"line":15,"column":33}},"12":{"start":{"line":16,"column":0},"end":{"line":16,"column":33}},"13":{"start":{"line":17,"column":0},"end":{"line":17,"column":31}},"14":{"start":{"line":19,"column":0},"end":{"line":19,"column":72}},"15":{"start":{"line":19,"column":27},"end":{"line":19,"column":70}},"16":{"start":{"line":21,"column":0},"end":{"line":21,"column":54}},"17":{"start":{"line":21,"column":32},"end":{"line":21,"column":52}},"18":{"start":{"line":23,"column":0},"end":{"line":23,"column":28}}},"fnMap":{"0":{"name":"(anonymous_0)","decl":{"start":{"line":19,"column":13},"end":{"line":19,"column":14}},"loc":{"start":{"line":19,"column":27},"end":{"line":19,"column":70}},"line":19},"1":{"name":"(anonymous_1)","decl":{"start":{"line":21,"column":20},"end":{"line":21,"column":21}},"loc":{"start":{"line":21,"column":32},"end":{"line":21,"column":52}},"line":21}},"branchMap":{},"s":{"0":1,"1":1,"2":1,"3":1,"4":1,"5":1,"6":1,"7":1,"8":1,"9":1,"10":1,"11":1,"12":1,"13":1,"14":1,"15":0,"16":1,"17":0,"18":1},"f":{"0":0,"1":0},"b":{},"_coverageSchema":"1a1c01bbd47fc00a2c39e90264f33305004495a9","hash":"36d606245df32b8637c7f86faaa65f728f2b3b4a"}
,"/Users/sheenadiep/Desktop/kamkwamba/lap3/project3/YeOldeQuizzBackend/src/server_socket.js": {"path":"/Users/sheenadiep/Desktop/kamkwamba/lap3/project3/YeOldeQuizzBackend/src/server_socket.js","statementMap":{"0":{"start":{"line":1,"column":13},"end":{"line":1,"column":28}},"1":{"start":{"line":2,"column":16},"end":{"line":2,"column":34}},"2":{"start":{"line":3,"column":12},"end":{"line":3,"column":21}},"3":{"start":{"line":4,"column":15},"end":{"line":4,"column":37}},"4":{"start":{"line":5,"column":11},"end":{"line":10,"column":2}},"5":{"start":{"line":12,"column":0},"end":{"line":12,"column":36}}},"fnMap":{},"branchMap":{},"s":{"0":1,"1":1,"2":1,"3":1,"4":1,"5":1},"f":{},"b":{},"_coverageSchema":"1a1c01bbd47fc00a2c39e90264f33305004495a9","hash":"873e7b9a768141ea6af841e2eb4890ce6713a5aa"}
,"/Users/sheenadiep/Desktop/kamkwamba/lap3/project3/YeOldeQuizzBackend/src/controllers/games.js": {"path":"/Users/sheenadiep/Desktop/kamkwamba/lap3/project3/YeOldeQuizzBackend/src/controllers/games.js","statementMap":{"0":{"start":{"line":1,"column":13},"end":{"line":1,"column":38}},"1":{"start":{"line":2,"column":13},"end":{"line":2,"column":38}},"2":{"start":{"line":3,"column":16},"end":{"line":3,"column":44}},"3":{"start":{"line":6,"column":4},"end":{"line":13,"column":5}},"4":{"start":{"line":7,"column":26},"end":{"line":7,"column":54}},"5":{"start":{"line":8,"column":21},"end":{"line":8,"column":64}},"6":{"start":{"line":9,"column":22},"end":{"line":9,"column":50}},"7":{"start":{"line":10,"column":8},"end":{"line":10,"column":35}},"8":{"start":{"line":12,"column":8},"end":{"line":12,"column":33}},"9":{"start":{"line":17,"column":4},"end":{"line":22,"column":5}},"10":{"start":{"line":18,"column":22},"end":{"line":18,"column":60}},"11":{"start":{"line":19,"column":8},"end":{"line":19,"column":35}},"12":{"start":{"line":21,"column":8},"end":{"line":21,"column":33}},"13":{"start":{"line":26,"column":4},"end":{"line":33,"column":5}},"14":{"start":{"line":27,"column":26},"end":{"line":27,"column":54}},"15":{"start":{"line":28,"column":21},"end":{"line":28,"column":64}},"16":{"start":{"line":29,"column":24},"end":{"line":29,"column":79}},"17":{"start":{"line":30,"column":8},"end":{"line":30,"column":37}},"18":{"start":{"line":32,"column":8},"end":{"line":32,"column":33}},"19":{"start":{"line":37,"column":4},"end":{"line":44,"column":5}},"20":{"start":{"line":38,"column":21},"end":{"line":38,"column":59}},"21":{"start":{"line":40,"column":21},"end":{"line":40,"column":41}},"22":{"start":{"line":41,"column":8},"end":{"line":41,"column":29}},"23":{"start":{"line":43,"column":8},"end":{"line":43,"column":34}},"24":{"start":{"line":48,"column":4},"end":{"line":54,"column":5}},"25":{"start":{"line":49,"column":21},"end":{"line":49,"column":70}},"26":{"start":{"line":50,"column":8},"end":{"line":50,"column":35}},"27":{"start":{"line":52,"column":8},"end":{"line":52,"column":24}},"28":{"start":{"line":53,"column":8},"end":{"line":53,"column":33}},"29":{"start":{"line":57,"column":0},"end":{"line":57,"column":55}}},"fnMap":{"0":{"name":"index","decl":{"start":{"line":5,"column":15},"end":{"line":5,"column":20}},"loc":{"start":{"line":5,"column":30},"end":{"line":14,"column":1}},"line":5},"1":{"name":"show","decl":{"start":{"line":16,"column":15},"end":{"line":16,"column":19}},"loc":{"start":{"line":16,"column":29},"end":{"line":23,"column":1}},"line":16},"2":{"name":"create","decl":{"start":{"line":25,"column":15},"end":{"line":25,"column":21}},"loc":{"start":{"line":25,"column":31},"end":{"line":34,"column":1}},"line":25},"3":{"name":"destroy","decl":{"start":{"line":36,"column":15},"end":{"line":36,"column":22}},"loc":{"start":{"line":36,"column":32},"end":{"line":45,"column":1}},"line":36},"4":{"name":"update","decl":{"start":{"line":47,"column":15},"end":{"line":47,"column":21}},"loc":{"start":{"line":47,"column":31},"end":{"line":55,"column":1}},"line":47}},"branchMap":{},"s":{"0":1,"1":1,"2":1,"3":1,"4":1,"5":1,"6":1,"7":1,"8":0,"9":1,"10":1,"11":1,"12":0,"13":1,"14":1,"15":1,"16":1,"17":1,"18":0,"19":1,"20":1,"21":1,"22":1,"23":0,"24":0,"25":0,"26":0,"27":0,"28":0,"29":1},"f":{"0":1,"1":1,"2":1,"3":1,"4":0},"b":{},"_coverageSchema":"1a1c01bbd47fc00a2c39e90264f33305004495a9","hash":"6561df3b04f9195ebbfa20f77b75f7c593bdeb4d"}
,"/Users/sheenadiep/Desktop/kamkwamba/lap3/project3/YeOldeQuizzBackend/src/controllers/rounds.js": {"path":"/Users/sheenadiep/Desktop/kamkwamba/lap3/project3/YeOldeQuizzBackend/src/controllers/rounds.js","statementMap":{"0":{"start":{"line":1,"column":14},"end":{"line":1,"column":40}},"1":{"start":{"line":4,"column":2},"end":{"line":9,"column":3}},"2":{"start":{"line":5,"column":18},"end":{"line":5,"column":46}},"3":{"start":{"line":6,"column":4},"end":{"line":6,"column":32}},"4":{"start":{"line":8,"column":4},"end":{"line":8,"column":34}},"5":{"start":{"line":13,"column":2},"end":{"line":19,"column":3}},"6":{"start":{"line":14,"column":18},"end":{"line":14,"column":57}},"7":{"start":{"line":15,"column":17},"end":{"line":15,"column":38}},"8":{"start":{"line":16,"column":4},"end":{"line":16,"column":26}},"9":{"start":{"line":18,"column":4},"end":{"line":18,"column":34}},"10":{"start":{"line":22,"column":0},"end":{"line":22,"column":36}}},"fnMap":{"0":{"name":"create","decl":{"start":{"line":3,"column":15},"end":{"line":3,"column":21}},"loc":{"start":{"line":3,"column":32},"end":{"line":10,"column":1}},"line":3},"1":{"name":"destroy","decl":{"start":{"line":12,"column":15},"end":{"line":12,"column":22}},"loc":{"start":{"line":12,"column":33},"end":{"line":20,"column":1}},"line":12}},"branchMap":{},"s":{"0":1,"1":0,"2":0,"3":0,"4":0,"5":0,"6":0,"7":0,"8":0,"9":0,"10":1},"f":{"0":0,"1":0},"b":{},"_coverageSchema":"1a1c01bbd47fc00a2c39e90264f33305004495a9","hash":"cf5e5ff7cbd93d5853a6f660ed433968ba80f1b2"}
,"/Users/sheenadiep/Desktop/kamkwamba/lap3/project3/YeOldeQuizzBackend/src/controllers/scores.js": {"path":"/Users/sheenadiep/Desktop/kamkwamba/lap3/project3/YeOldeQuizzBackend/src/controllers/scores.js","statementMap":{"0":{"start":{"line":1,"column":14},"end":{"line":1,"column":40}},"1":{"start":{"line":2,"column":16},"end":{"line":2,"column":44}},"2":{"start":{"line":5,"column":2},"end":{"line":10,"column":3}},"3":{"start":{"line":6,"column":19},"end":{"line":6,"column":34}},"4":{"start":{"line":7,"column":4},"end":{"line":7,"column":33}},"5":{"start":{"line":9,"column":4},"end":{"line":9,"column":30}},"6":{"start":{"line":14,"column":2},"end":{"line":22,"column":3}},"7":{"start":{"line":15,"column":22},"end":{"line":15,"column":50}},"8":{"start":{"line":16,"column":17},"end":{"line":16,"column":60}},"9":{"start":{"line":17,"column":19},"end":{"line":17,"column":57}},"10":{"start":{"line":18,"column":4},"end":{"line":18,"column":33}},"11":{"start":{"line":20,"column":4},"end":{"line":20,"column":21}},"12":{"start":{"line":21,"column":4},"end":{"line":21,"column":30}},"13":{"start":{"line":27,"column":4},"end":{"line":32,"column":5}},"14":{"start":{"line":28,"column":23},"end":{"line":28,"column":58}},"15":{"start":{"line":29,"column":8},"end":{"line":29,"column":36}},"16":{"start":{"line":31,"column":8},"end":{"line":31,"column":33}},"17":{"start":{"line":36,"column":2},"end":{"line":41,"column":3}},"18":{"start":{"line":37,"column":19},"end":{"line":37,"column":58}},"19":{"start":{"line":38,"column":4},"end":{"line":38,"column":33}},"20":{"start":{"line":40,"column":4},"end":{"line":40,"column":30}},"21":{"start":{"line":45,"column":2},"end":{"line":55,"column":3}},"22":{"start":{"line":46,"column":22},"end":{"line":46,"column":50}},"23":{"start":{"line":47,"column":17},"end":{"line":47,"column":60}},"24":{"start":{"line":48,"column":20},"end":{"line":48,"column":36}},"25":{"start":{"line":49,"column":21},"end":{"line":49,"column":38}},"26":{"start":{"line":51,"column":21},"end":{"line":51,"column":72}},"27":{"start":{"line":52,"column":4},"end":{"line":52,"column":35}},"28":{"start":{"line":54,"column":4},"end":{"line":54,"column":30}},"29":{"start":{"line":59,"column":2},"end":{"line":65,"column":3}},"30":{"start":{"line":60,"column":18},"end":{"line":60,"column":60}},"31":{"start":{"line":61,"column":17},"end":{"line":61,"column":38}},"32":{"start":{"line":62,"column":4},"end":{"line":62,"column":26}},"33":{"start":{"line":64,"column":4},"end":{"line":64,"column":30}},"34":{"start":{"line":70,"column":2},"end":{"line":81,"column":3}},"35":{"start":{"line":71,"column":22},"end":{"line":71,"column":50}},"36":{"start":{"line":72,"column":17},"end":{"line":72,"column":60}},"37":{"start":{"line":73,"column":18},"end":{"line":77,"column":5}},"38":{"start":{"line":78,"column":4},"end":{"line":78,"column":32}},"39":{"start":{"line":80,"column":4},"end":{"line":80,"column":30}},"40":{"start":{"line":85,"column":0},"end":{"line":85,"column":76}}},"fnMap":{"0":{"name":"index","decl":{"start":{"line":4,"column":15},"end":{"line":4,"column":20}},"loc":{"start":{"line":4,"column":31},"end":{"line":11,"column":1}},"line":4},"1":{"name":"showByUser","decl":{"start":{"line":13,"column":15},"end":{"line":13,"column":25}},"loc":{"start":{"line":13,"column":36},"end":{"line":23,"column":3}},"line":13},"2":{"name":"showById","decl":{"start":{"line":26,"column":15},"end":{"line":26,"column":23}},"loc":{"start":{"line":26,"column":33},"end":{"line":33,"column":1}},"line":26},"3":{"name":"showByGame","decl":{"start":{"line":35,"column":15},"end":{"line":35,"column":25}},"loc":{"start":{"line":35,"column":36},"end":{"line":42,"column":1}},"line":35},"4":{"name":"create","decl":{"start":{"line":44,"column":15},"end":{"line":44,"column":21}},"loc":{"start":{"line":44,"column":32},"end":{"line":56,"column":1}},"line":44},"5":{"name":"destroy","decl":{"start":{"line":58,"column":15},"end":{"line":58,"column":22}},"loc":{"start":{"line":58,"column":33},"end":{"line":66,"column":1}},"line":58},"6":{"name":"update","decl":{"start":{"line":69,"column":15},"end":{"line":69,"column":21}},"loc":{"start":{"line":69,"column":32},"end":{"line":82,"column":1}},"line":69}},"branchMap":{},"s":{"0":1,"1":1,"2":1,"3":1,"4":1,"5":0,"6":0,"7":0,"8":0,"9":0,"10":0,"11":0,"12":0,"13":0,"14":0,"15":0,"16":0,"17":0,"18":0,"19":0,"20":0,"21":0,"22":0,"23":0,"24":0,"25":0,"26":0,"27":0,"28":0,"29":0,"30":0,"31":0,"32":0,"33":0,"34":0,"35":0,"36":0,"37":0,"38":0,"39":0,"40":1},"f":{"0":1,"1":0,"2":0,"3":0,"4":0,"5":0,"6":0},"b":{},"_coverageSchema":"1a1c01bbd47fc00a2c39e90264f33305004495a9","hash":"70b63305c5387358f79ff94d87c90471f4e7d7df"}
,"/Users/sheenadiep/Desktop/kamkwamba/lap3/project3/YeOldeQuizzBackend/src/controllers/users.js": {"path":"/Users/sheenadiep/Desktop/kamkwamba/lap3/project3/YeOldeQuizzBackend/src/controllers/users.js","statementMap":{"0":{"start":{"line":1,"column":15},"end":{"line":1,"column":32}},"1":{"start":{"line":2,"column":13},"end":{"line":2,"column":38}},"2":{"start":{"line":3,"column":16},"end":{"line":3,"column":44}},"3":{"start":{"line":6,"column":2},"end":{"line":14,"column":3}},"4":{"start":{"line":7,"column":18},"end":{"line":7,"column":41}},"5":{"start":{"line":8,"column":17},"end":{"line":8,"column":56}},"6":{"start":{"line":9,"column":17},"end":{"line":9,"column":50}},"7":{"start":{"line":10,"column":4},"end":{"line":10,"column":31}},"8":{"start":{"line":12,"column":4},"end":{"line":12,"column":21}},"9":{"start":{"line":13,"column":4},"end":{"line":13,"column":41}},"10":{"start":{"line":18,"column":2},"end":{"line":25,"column":3}},"11":{"start":{"line":19,"column":18},"end":{"line":19,"column":41}},"12":{"start":{"line":20,"column":17},"end":{"line":20,"column":56}},"13":{"start":{"line":21,"column":4},"end":{"line":21,"column":44}},"14":{"start":{"line":23,"column":4},"end":{"line":23,"column":21}},"15":{"start":{"line":24,"column":4},"end":{"line":24,"column":30}},"16":{"start":{"line":29,"column":2},"end":{"line":35,"column":3}},"17":{"start":{"line":30,"column":17},"end":{"line":30,"column":51}},"18":{"start":{"line":31,"column":4},"end":{"line":31,"column":31}},"19":{"start":{"line":33,"column":4},"end":{"line":33,"column":21}},"20":{"start":{"line":34,"column":4},"end":{"line":34,"column":41}},"21":{"start":{"line":39,"column":2},"end":{"line":56,"column":3}},"22":{"start":{"line":40,"column":17},"end":{"line":40,"column":25}},"23":{"start":{"line":43,"column":17},"end":{"line":43,"column":79}},"24":{"start":{"line":46,"column":4},"end":{"line":46,"column":65}},"25":{"start":{"line":49,"column":19},"end":{"line":49,"column":42}},"26":{"start":{"line":52,"column":4},"end":{"line":52,"column":33}},"27":{"start":{"line":54,"column":4},"end":{"line":54,"column":21}},"28":{"start":{"line":55,"column":4},"end":{"line":55,"column":41}},"29":{"start":{"line":60,"column":2},"end":{"line":85,"column":3}},"30":{"start":{"line":62,"column":35},"end":{"line":62,"column":43}},"31":{"start":{"line":65,"column":17},"end":{"line":65,"column":52}},"32":{"start":{"line":68,"column":26},"end":{"line":68,"column":71}},"33":{"start":{"line":70,"column":4},"end":{"line":81,"column":5}},"34":{"start":{"line":74,"column":25},"end":{"line":74,"column":54}},"35":{"start":{"line":75,"column":6},"end":{"line":75,"column":30}},"36":{"start":{"line":76,"column":6},"end":{"line":78,"column":74}},"37":{"start":{"line":80,"column":6},"end":{"line":80,"column":47}},"38":{"start":{"line":83,"column":4},"end":{"line":83,"column":21}},"39":{"start":{"line":84,"column":4},"end":{"line":84,"column":41}},"40":{"start":{"line":89,"column":1},"end":{"line":96,"column":2}},"41":{"start":{"line":90,"column":18},"end":{"line":90,"column":73}},"42":{"start":{"line":91,"column":15},"end":{"line":91,"column":38}},"43":{"start":{"line":92,"column":2},"end":{"line":92,"column":24}},"44":{"start":{"line":94,"column":2},"end":{"line":94,"column":18}},"45":{"start":{"line":95,"column":2},"end":{"line":95,"column":30}},"46":{"start":{"line":100,"column":1},"end":{"line":105,"column":2}},"47":{"start":{"line":101,"column":15},"end":{"line":101,"column":72}},"48":{"start":{"line":102,"column":2},"end":{"line":102,"column":28}},"49":{"start":{"line":104,"column":2},"end":{"line":104,"column":27}},"50":{"start":{"line":109,"column":0},"end":{"line":109,"column":80}}},"fnMap":{"0":{"name":"show","decl":{"start":{"line":5,"column":15},"end":{"line":5,"column":19}},"loc":{"start":{"line":5,"column":30},"end":{"line":15,"column":1}},"line":5},"1":{"name":"findUserId","decl":{"start":{"line":17,"column":15},"end":{"line":17,"column":25}},"loc":{"start":{"line":17,"column":36},"end":{"line":26,"column":1}},"line":17},"2":{"name":"showUser","decl":{"start":{"line":28,"column":15},"end":{"line":28,"column":23}},"loc":{"start":{"line":28,"column":34},"end":{"line":36,"column":1}},"line":28},"3":{"name":"register","decl":{"start":{"line":38,"column":15},"end":{"line":38,"column":23}},"loc":{"start":{"line":38,"column":34},"end":{"line":57,"column":1}},"line":38},"4":{"name":"login","decl":{"start":{"line":59,"column":15},"end":{"line":59,"column":20}},"loc":{"start":{"line":59,"column":31},"end":{"line":86,"column":1}},"line":59},"5":{"name":"logout","decl":{"start":{"line":88,"column":15},"end":{"line":88,"column":21}},"loc":{"start":{"line":88,"column":32},"end":{"line":97,"column":1}},"line":88},"6":{"name":"update","decl":{"start":{"line":99,"column":15},"end":{"line":99,"column":21}},"loc":{"start":{"line":99,"column":31},"end":{"line":106,"column":1}},"line":99}},"branchMap":{"0":{"loc":{"start":{"line":70,"column":4},"end":{"line":81,"column":5}},"type":"if","locations":[{"start":{"line":70,"column":4},"end":{"line":81,"column":5}},{"start":{"line":79,"column":11},"end":{"line":81,"column":5}}],"line":70}},"s":{"0":1,"1":1,"2":1,"3":1,"4":1,"5":1,"6":1,"7":1,"8":0,"9":0,"10":0,"11":0,"12":0,"13":0,"14":0,"15":0,"16":0,"17":0,"18":0,"19":0,"20":0,"21":1,"22":1,"23":1,"24":1,"25":1,"26":1,"27":0,"28":0,"29":1,"30":1,"31":1,"32":1,"33":1,"34":1,"35":1,"36":1,"37":0,"38":0,"39":0,"40":0,"41":0,"42":0,"43":0,"44":0,"45":0,"46":1,"47":1,"48":1,"49":0,"50":1},"f":{"0":1,"1":0,"2":0,"3":1,"4":1,"5":0,"6":1},"b":{"0":[1,0]},"_coverageSchema":"1a1c01bbd47fc00a2c39e90264f33305004495a9","hash":"47073bc32176a4f9dc88cfc0930034aa26e73c54"}
,"/Users/sheenadiep/Desktop/kamkwamba/lap3/project3/YeOldeQuizzBackend/src/db/init.js": {"path":"/Users/sheenadiep/Desktop/kamkwamba/lap3/project3/YeOldeQuizzBackend/src/db/init.js","statementMap":{"0":{"start":{"line":1,"column":17},"end":{"line":1,"column":30}},"1":{"start":{"line":2,"column":13},"end":{"line":4,"column":2}},"2":{"start":{"line":6,"column":0},"end":{"line":6,"column":40}},"3":{"start":{"line":8,"column":0},"end":{"line":8,"column":22}}},"fnMap":{},"branchMap":{"0":{"loc":{"start":{"line":3,"column":22},"end":{"line":3,"column":140}},"type":"binary-expr","locations":[{"start":{"line":3,"column":22},"end":{"line":3,"column":40}},{"start":{"line":3,"column":44},"end":{"line":3,"column":140}}],"line":3}},"s":{"0":1,"1":1,"2":1,"3":1},"f":{},"b":{"0":[1,1]},"_coverageSchema":"1a1c01bbd47fc00a2c39e90264f33305004495a9","hash":"94f0a21715a15356ae0ba566284248a091b66bf6"}
,"/Users/sheenadiep/Desktop/kamkwamba/lap3/project3/YeOldeQuizzBackend/src/events/index.js": {"path":"/Users/sheenadiep/Desktop/kamkwamba/lap3/project3/YeOldeQuizzBackend/src/events/index.js","statementMap":{"0":{"start":{"line":1,"column":13},"end":{"line":1,"column":38}},"1":{"start":{"line":2,"column":15},"end":{"line":2,"column":42}},"2":{"start":{"line":4,"column":21},"end":{"line":4,"column":22}},"3":{"start":{"line":5,"column":16},"end":{"line":5,"column":17}},"4":{"start":{"line":6,"column":20},"end":{"line":6,"column":22}},"5":{"start":{"line":7,"column":13},"end":{"line":7,"column":15}},"6":{"start":{"line":8,"column":18},"end":{"line":8,"column":20}},"7":{"start":{"line":9,"column":12},"end":{"line":9,"column":14}},"8":{"start":{"line":11,"column":21},"end":{"line":191,"column":1}},"9":{"start":{"line":12,"column":2},"end":{"line":12,"column":32}},"10":{"start":{"line":14,"column":2},"end":{"line":14,"column":70}},"11":{"start":{"line":14,"column":32},"end":{"line":14,"column":68}},"12":{"start":{"line":16,"column":2},"end":{"line":16,"column":49}},"13":{"start":{"line":16,"column":27},"end":{"line":16,"column":47}},"14":{"start":{"line":18,"column":2},"end":{"line":21,"column":5}},"15":{"start":{"line":20,"column":4},"end":{"line":20,"column":52}},"16":{"start":{"line":23,"column":2},"end":{"line":40,"column":5}},"17":{"start":{"line":24,"column":4},"end":{"line":39,"column":5}},"18":{"start":{"line":25,"column":6},"end":{"line":25,"column":73}},"19":{"start":{"line":26,"column":6},"end":{"line":26,"column":44}},"20":{"start":{"line":30,"column":6},"end":{"line":30,"column":25}},"21":{"start":{"line":32,"column":6},"end":{"line":32,"column":60}},"22":{"start":{"line":33,"column":6},"end":{"line":33,"column":32}},"23":{"start":{"line":35,"column":6},"end":{"line":35,"column":47}},"24":{"start":{"line":37,"column":6},"end":{"line":37,"column":23}},"25":{"start":{"line":38,"column":6},"end":{"line":38,"column":60}},"26":{"start":{"line":42,"column":2},"end":{"line":60,"column":5}},"27":{"start":{"line":43,"column":4},"end":{"line":59,"column":5}},"28":{"start":{"line":44,"column":6},"end":{"line":44,"column":69}},"29":{"start":{"line":45,"column":6},"end":{"line":45,"column":35}},"30":{"start":{"line":47,"column":22},"end":{"line":47,"column":59}},"31":{"start":{"line":48,"column":24},"end":{"line":48,"column":58}},"32":{"start":{"line":48,"column":48},"end":{"line":48,"column":57}},"33":{"start":{"line":49,"column":6},"end":{"line":55,"column":7}},"34":{"start":{"line":50,"column":8},"end":{"line":50,"column":38}},"35":{"start":{"line":51,"column":8},"end":{"line":51,"column":63}},"36":{"start":{"line":53,"column":8},"end":{"line":53,"column":37}},"37":{"start":{"line":54,"column":8},"end":{"line":54,"column":53}},"38":{"start":{"line":57,"column":6},"end":{"line":57,"column":23}},"39":{"start":{"line":58,"column":6},"end":{"line":58,"column":58}},"40":{"start":{"line":62,"column":2},"end":{"line":84,"column":5}},"41":{"start":{"line":63,"column":4},"end":{"line":83,"column":5}},"42":{"start":{"line":64,"column":6},"end":{"line":64,"column":67}},"43":{"start":{"line":65,"column":6},"end":{"line":65,"column":30}},"44":{"start":{"line":66,"column":22},"end":{"line":66,"column":59}},"45":{"start":{"line":67,"column":24},"end":{"line":67,"column":58}},"46":{"start":{"line":67,"column":48},"end":{"line":67,"column":57}},"47":{"start":{"line":70,"column":20},"end":{"line":70,"column":43}},"48":{"start":{"line":71,"column":6},"end":{"line":71,"column":29}},"49":{"start":{"line":72,"column":6},"end":{"line":72,"column":25}},"50":{"start":{"line":74,"column":6},"end":{"line":77,"column":8}},"51":{"start":{"line":79,"column":6},"end":{"line":79,"column":51}},"52":{"start":{"line":81,"column":6},"end":{"line":81,"column":23}},"53":{"start":{"line":82,"column":6},"end":{"line":82,"column":59}},"54":{"start":{"line":86,"column":2},"end":{"line":96,"column":5}},"55":{"start":{"line":88,"column":4},"end":{"line":95,"column":5}},"56":{"start":{"line":89,"column":6},"end":{"line":92,"column":7}},"57":{"start":{"line":90,"column":8},"end":{"line":90,"column":51}},"58":{"start":{"line":91,"column":8},"end":{"line":91,"column":71}},"59":{"start":{"line":94,"column":6},"end":{"line":94,"column":23}},"60":{"start":{"line":98,"column":2},"end":{"line":104,"column":5}},"61":{"start":{"line":99,"column":4},"end":{"line":103,"column":5}},"62":{"start":{"line":100,"column":6},"end":{"line":100,"column":64}},"63":{"start":{"line":102,"column":6},"end":{"line":102,"column":23}},"64":{"start":{"line":106,"column":2},"end":{"line":130,"column":5}},"65":{"start":{"line":107,"column":4},"end":{"line":107,"column":26}},"66":{"start":{"line":108,"column":4},"end":{"line":129,"column":5}},"67":{"start":{"line":109,"column":22},"end":{"line":109,"column":59}},"68":{"start":{"line":110,"column":24},"end":{"line":110,"column":58}},"69":{"start":{"line":110,"column":48},"end":{"line":110,"column":57}},"70":{"start":{"line":111,"column":6},"end":{"line":111,"column":52}},"71":{"start":{"line":112,"column":6},"end":{"line":112,"column":52}},"72":{"start":{"line":113,"column":6},"end":{"line":113,"column":26}},"73":{"start":{"line":114,"column":6},"end":{"line":114,"column":37}},"74":{"start":{"line":115,"column":6},"end":{"line":126,"column":7}},"75":{"start":{"line":116,"column":8},"end":{"line":116,"column":36}},"76":{"start":{"line":117,"column":8},"end":{"line":117,"column":43}},"77":{"start":{"line":118,"column":8},"end":{"line":120,"column":69}},"78":{"start":{"line":122,"column":8},"end":{"line":122,"column":42}},"79":{"start":{"line":123,"column":8},"end":{"line":123,"column":58}},"80":{"start":{"line":124,"column":8},"end":{"line":124,"column":27}},"81":{"start":{"line":125,"column":8},"end":{"line":125,"column":20}},"82":{"start":{"line":128,"column":6},"end":{"line":128,"column":23}},"83":{"start":{"line":132,"column":2},"end":{"line":138,"column":5}},"84":{"start":{"line":133,"column":4},"end":{"line":137,"column":5}},"85":{"start":{"line":134,"column":6},"end":{"line":134,"column":42}},"86":{"start":{"line":136,"column":6},"end":{"line":136,"column":23}},"87":{"start":{"line":140,"column":2},"end":{"line":162,"column":5}},"88":{"start":{"line":141,"column":4},"end":{"line":141,"column":38}},"89":{"start":{"line":142,"column":4},"end":{"line":161,"column":5}},"90":{"start":{"line":143,"column":22},"end":{"line":143,"column":59}},"91":{"start":{"line":144,"column":24},"end":{"line":144,"column":58}},"92":{"start":{"line":144,"column":48},"end":{"line":144,"column":57}},"93":{"start":{"line":145,"column":6},"end":{"line":145,"column":47}},"94":{"start":{"line":146,"column":6},"end":{"line":146,"column":21}},"95":{"start":{"line":147,"column":6},"end":{"line":158,"column":7}},"96":{"start":{"line":148,"column":8},"end":{"line":148,"column":43}},"97":{"start":{"line":149,"column":8},"end":{"line":151,"column":67}},"98":{"start":{"line":153,"column":8},"end":{"line":153,"column":48}},"99":{"start":{"line":154,"column":8},"end":{"line":154,"column":72}},"100":{"start":{"line":156,"column":8},"end":{"line":156,"column":22}},"101":{"start":{"line":157,"column":8},"end":{"line":157,"column":25}},"102":{"start":{"line":160,"column":6},"end":{"line":160,"column":23}},"103":{"start":{"line":164,"column":2},"end":{"line":173,"column":5}},"104":{"start":{"line":165,"column":4},"end":{"line":172,"column":5}},"105":{"start":{"line":166,"column":6},"end":{"line":169,"column":7}},"106":{"start":{"line":167,"column":8},"end":{"line":167,"column":30}},"107":{"start":{"line":168,"column":8},"end":{"line":168,"column":40}},"108":{"start":{"line":171,"column":6},"end":{"line":171,"column":23}},"109":{"start":{"line":175,"column":2},"end":{"line":182,"column":5}},"110":{"start":{"line":176,"column":4},"end":{"line":181,"column":5}},"111":{"start":{"line":177,"column":6},"end":{"line":177,"column":30}},"112":{"start":{"line":178,"column":6},"end":{"line":178,"column":46}},"113":{"start":{"line":180,"column":6},"end":{"line":180,"column":23}},"114":{"start":{"line":184,"column":2},"end":{"line":190,"column":5}},"115":{"start":{"line":185,"column":4},"end":{"line":189,"column":5}},"116":{"start":{"line":186,"column":6},"end":{"line":186,"column":62}},"117":{"start":{"line":188,"column":6},"end":{"line":188,"column":23}},"118":{"start":{"line":193,"column":0},"end":{"line":193,"column":30}}},"fnMap":{"0":{"name":"(anonymous_0)","decl":{"start":{"line":11,"column":21},"end":{"line":11,"column":22}},"loc":{"start":{"line":11,"column":33},"end":{"line":191,"column":1}},"line":11},"1":{"name":"(anonymous_1)","decl":{"start":{"line":14,"column":26},"end":{"line":14,"column":27}},"loc":{"start":{"line":14,"column":32},"end":{"line":14,"column":68}},"line":14},"2":{"name":"(anonymous_2)","decl":{"start":{"line":16,"column":21},"end":{"line":16,"column":22}},"loc":{"start":{"line":16,"column":27},"end":{"line":16,"column":47}},"line":16},"3":{"name":"(anonymous_3)","decl":{"start":{"line":18,"column":24},"end":{"line":18,"column":25}},"loc":{"start":{"line":18,"column":46},"end":{"line":21,"column":3}},"line":18},"4":{"name":"(anonymous_4)","decl":{"start":{"line":23,"column":27},"end":{"line":23,"column":28}},"loc":{"start":{"line":23,"column":61},"end":{"line":40,"column":3}},"line":23},"5":{"name":"(anonymous_5)","decl":{"start":{"line":42,"column":25},"end":{"line":42,"column":26}},"loc":{"start":{"line":42,"column":60},"end":{"line":60,"column":3}},"line":42},"6":{"name":"(anonymous_6)","decl":{"start":{"line":48,"column":36},"end":{"line":48,"column":37}},"loc":{"start":{"line":48,"column":48},"end":{"line":48,"column":57}},"line":48},"7":{"name":"(anonymous_7)","decl":{"start":{"line":62,"column":26},"end":{"line":62,"column":27}},"loc":{"start":{"line":62,"column":61},"end":{"line":84,"column":3}},"line":62},"8":{"name":"(anonymous_8)","decl":{"start":{"line":67,"column":36},"end":{"line":67,"column":37}},"loc":{"start":{"line":67,"column":48},"end":{"line":67,"column":57}},"line":67},"9":{"name":"(anonymous_9)","decl":{"start":{"line":86,"column":26},"end":{"line":86,"column":27}},"loc":{"start":{"line":86,"column":45},"end":{"line":96,"column":3}},"line":86},"10":{"name":"(anonymous_10)","decl":{"start":{"line":98,"column":30},"end":{"line":98,"column":31}},"loc":{"start":{"line":98,"column":60},"end":{"line":104,"column":3}},"line":98},"11":{"name":"(anonymous_11)","decl":{"start":{"line":106,"column":29},"end":{"line":106,"column":30}},"loc":{"start":{"line":106,"column":60},"end":{"line":130,"column":3}},"line":106},"12":{"name":"(anonymous_12)","decl":{"start":{"line":110,"column":36},"end":{"line":110,"column":37}},"loc":{"start":{"line":110,"column":48},"end":{"line":110,"column":57}},"line":110},"13":{"name":"(anonymous_13)","decl":{"start":{"line":132,"column":29},"end":{"line":132,"column":30}},"loc":{"start":{"line":132,"column":50},"end":{"line":138,"column":3}},"line":132},"14":{"name":"(anonymous_14)","decl":{"start":{"line":140,"column":32},"end":{"line":140,"column":33}},"loc":{"start":{"line":140,"column":63},"end":{"line":162,"column":3}},"line":140},"15":{"name":"(anonymous_15)","decl":{"start":{"line":144,"column":36},"end":{"line":144,"column":37}},"loc":{"start":{"line":144,"column":48},"end":{"line":144,"column":57}},"line":144},"16":{"name":"(anonymous_16)","decl":{"start":{"line":164,"column":25},"end":{"line":164,"column":26}},"loc":{"start":{"line":164,"column":57},"end":{"line":173,"column":3}},"line":164},"17":{"name":"(anonymous_17)","decl":{"start":{"line":175,"column":31},"end":{"line":175,"column":32}},"loc":{"start":{"line":175,"column":52},"end":{"line":182,"column":3}},"line":175},"18":{"name":"(anonymous_18)","decl":{"start":{"line":184,"column":28},"end":{"line":184,"column":29}},"loc":{"start":{"line":184,"column":62},"end":{"line":190,"column":3}},"line":184}},"branchMap":{"0":{"loc":{"start":{"line":49,"column":6},"end":{"line":55,"column":7}},"type":"if","locations":[{"start":{"line":49,"column":6},"end":{"line":55,"column":7}},{"start":{"line":52,"column":13},"end":{"line":55,"column":7}}],"line":49},"1":{"loc":{"start":{"line":89,"column":6},"end":{"line":92,"column":7}},"type":"if","locations":[{"start":{"line":89,"column":6},"end":{"line":92,"column":7}},{"start":{},"end":{}}],"line":89},"2":{"loc":{"start":{"line":115,"column":6},"end":{"line":126,"column":7}},"type":"if","locations":[{"start":{"line":115,"column":6},"end":{"line":126,"column":7}},{"start":{"line":121,"column":13},"end":{"line":126,"column":7}}],"line":115},"3":{"loc":{"start":{"line":147,"column":6},"end":{"line":158,"column":7}},"type":"if","locations":[{"start":{"line":147,"column":6},"end":{"line":158,"column":7}},{"start":{"line":152,"column":13},"end":{"line":158,"column":7}}],"line":147},"4":{"loc":{"start":{"line":166,"column":6},"end":{"line":169,"column":7}},"type":"if","locations":[{"start":{"line":166,"column":6},"end":{"line":169,"column":7}},{"start":{},"end":{}}],"line":166}},"s":{"0":1,"1":1,"2":1,"3":1,"4":1,"5":1,"6":1,"7":1,"8":1,"9":0,"10":0,"11":0,"12":0,"13":0,"14":0,"15":0,"16":0,"17":0,"18":0,"19":0,"20":0,"21":0,"22":0,"23":0,"24":0,"25":0,"26":0,"27":0,"28":0,"29":0,"30":0,"31":0,"32":0,"33":0,"34":0,"35":0,"36":0,"37":0,"38":0,"39":0,"40":0,"41":0,"42":0,"43":0,"44":0,"45":0,"46":0,"47":0,"48":0,"49":0,"50":0,"51":0,"52":0,"53":0,"54":0,"55":0,"56":0,"57":0,"58":0,"59":0,"60":0,"61":0,"62":0,"63":0,"64":0,"65":0,"66":0,"67":0,"68":0,"69":0,"70":0,"71":0,"72":0,"73":0,"74":0,"75":0,"76":0,"77":0,"78":0,"79":0,"80":0,"81":0,"82":0,"83":0,"84":0,"85":0,"86":0,"87":0,"88":0,"89":0,"90":0,"91":0,"92":0,"93":0,"94":0,"95":0,"96":0,"97":0,"98":0,"99":0,"100":0,"101":0,"102":0,"103":0,"104":0,"105":0,"106":0,"107":0,"108":0,"109":0,"110":0,"111":0,"112":0,"113":0,"114":0,"115":0,"116":0,"117":0,"118":1},"f":{"0":0,"1":0,"2":0,"3":0,"4":0,"5":0,"6":0,"7":0,"8":0,"9":0,"10":0,"11":0,"12":0,"13":0,"14":0,"15":0,"16":0,"17":0,"18":0},"b":{"0":[0,0],"1":[0,0],"2":[0,0],"3":[0,0],"4":[0,0]},"_coverageSchema":"1a1c01bbd47fc00a2c39e90264f33305004495a9","hash":"5400191677086980b1ae7f6c3745305fe1a950a4"}
,"/Users/sheenadiep/Desktop/kamkwamba/lap3/project3/YeOldeQuizzBackend/src/middleware/auth.js": {"path":"/Users/sheenadiep/Desktop/kamkwamba/lap3/project3/YeOldeQuizzBackend/src/middleware/auth.js","statementMap":{"0":{"start":{"line":1,"column":16},"end":{"line":1,"column":44}},"1":{"start":{"line":4,"column":1},"end":{"line":20,"column":2}},"2":{"start":{"line":6,"column":20},"end":{"line":6,"column":48}},"3":{"start":{"line":7,"column":2},"end":{"line":7,"column":45}},"4":{"start":{"line":8,"column":2},"end":{"line":15,"column":3}},"5":{"start":{"line":9,"column":3},"end":{"line":9,"column":25}},"6":{"start":{"line":10,"column":3},"end":{"line":10,"column":35}},"7":{"start":{"line":13,"column":22},"end":{"line":13,"column":65}},"8":{"start":{"line":14,"column":3},"end":{"line":14,"column":9}},"9":{"start":{"line":17,"column":2},"end":{"line":17,"column":18}},"10":{"start":{"line":19,"column":2},"end":{"line":19,"column":56}},"11":{"start":{"line":23,"column":0},"end":{"line":23,"column":30}}},"fnMap":{"0":{"name":"authenticator","decl":{"start":{"line":3,"column":15},"end":{"line":3,"column":28}},"loc":{"start":{"line":3,"column":45},"end":{"line":21,"column":1}},"line":3}},"branchMap":{"0":{"loc":{"start":{"line":8,"column":2},"end":{"line":15,"column":3}},"type":"if","locations":[{"start":{"line":8,"column":2},"end":{"line":15,"column":3}},{"start":{"line":11,"column":9},"end":{"line":15,"column":3}}],"line":8}},"s":{"0":1,"1":0,"2":0,"3":0,"4":0,"5":0,"6":0,"7":0,"8":0,"9":0,"10":0,"11":1},"f":{"0":0},"b":{"0":[0,0]},"_coverageSchema":"1a1c01bbd47fc00a2c39e90264f33305004495a9","hash":"ab0adec6b1c351da9a046d7c9a18621c95f159d8"}
,"/Users/sheenadiep/Desktop/kamkwamba/lap3/project3/YeOldeQuizzBackend/src/models/Game.js": {"path":"/Users/sheenadiep/Desktop/kamkwamba/lap3/project3/YeOldeQuizzBackend/src/models/Game.js","statementMap":{"0":{"start":{"line":1,"column":11},"end":{"line":1,"column":32}},"1":{"start":{"line":2,"column":14},"end":{"line":2,"column":32}},"2":{"start":{"line":3,"column":14},"end":{"line":3,"column":32}},"3":{"start":{"line":4,"column":21},"end":{"line":4,"column":44}},"4":{"start":{"line":8,"column":2},"end":{"line":8,"column":29}},"5":{"start":{"line":9,"column":2},"end":{"line":9,"column":29}},"6":{"start":{"line":10,"column":2},"end":{"line":10,"column":25}},"7":{"start":{"line":11,"column":2},"end":{"line":11,"column":33}},"8":{"start":{"line":12,"column":2},"end":{"line":12,"column":27}},"9":{"start":{"line":17,"column":2},"end":{"line":26,"column":4}},"10":{"start":{"line":18,"column":3},"end":{"line":25,"column":4}},"11":{"start":{"line":19,"column":21},"end":{"line":19,"column":87}},"12":{"start":{"line":20,"column":18},"end":{"line":20,"column":55}},"13":{"start":{"line":20,"column":43},"end":{"line":20,"column":54}},"14":{"start":{"line":21,"column":4},"end":{"line":21,"column":18}},"15":{"start":{"line":23,"column":4},"end":{"line":23,"column":20}},"16":{"start":{"line":24,"column":4},"end":{"line":24,"column":29}},"17":{"start":{"line":31,"column":2},"end":{"line":44,"column":4}},"18":{"start":{"line":32,"column":3},"end":{"line":43,"column":4}},"19":{"start":{"line":33,"column":19},"end":{"line":36,"column":5}},"20":{"start":{"line":37,"column":15},"end":{"line":37,"column":41}},"21":{"start":{"line":39,"column":4},"end":{"line":39,"column":17}},"22":{"start":{"line":41,"column":4},"end":{"line":41,"column":28}},"23":{"start":{"line":42,"column":4},"end":{"line":42,"column":20}},"24":{"start":{"line":49,"column":17},"end":{"line":49,"column":35}},"25":{"start":{"line":50,"column":2},"end":{"line":71,"column":10}},"26":{"start":{"line":51,"column":3},"end":{"line":70,"column":4}},"27":{"start":{"line":56,"column":8},"end":{"line":56,"column":16}},"28":{"start":{"line":57,"column":22},"end":{"line":57,"column":85}},"29":{"start":{"line":58,"column":19},"end":{"line":61,"column":5}},"30":{"start":{"line":62,"column":18},"end":{"line":62,"column":64}},"31":{"start":{"line":63,"column":4},"end":{"line":63,"column":80}},"32":{"start":{"line":63,"column":42},"end":{"line":63,"column":78}},"33":{"start":{"line":64,"column":16},"end":{"line":64,"column":32}},"34":{"start":{"line":66,"column":16},"end":{"line":66,"column":47}},"35":{"start":{"line":67,"column":16},"end":{"line":67,"column":32}},"36":{"start":{"line":69,"column":4},"end":{"line":69,"column":21}},"37":{"start":{"line":75,"column":2},"end":{"line":82,"column":4}},"38":{"start":{"line":76,"column":3},"end":{"line":81,"column":4}},"39":{"start":{"line":77,"column":19},"end":{"line":77,"column":116}},"40":{"start":{"line":78,"column":4},"end":{"line":78,"column":27}},"41":{"start":{"line":80,"column":4},"end":{"line":80,"column":35}},"42":{"start":{"line":87,"column":2},"end":{"line":101,"column":4}},"43":{"start":{"line":88,"column":3},"end":{"line":100,"column":4}},"44":{"start":{"line":90,"column":19},"end":{"line":90,"column":93}},"45":{"start":{"line":92,"column":20},"end":{"line":92,"column":94}},"46":{"start":{"line":94,"column":20},"end":{"line":94,"column":90}},"47":{"start":{"line":96,"column":4},"end":{"line":96,"column":33}},"48":{"start":{"line":98,"column":4},"end":{"line":98,"column":20}},"49":{"start":{"line":99,"column":4},"end":{"line":99,"column":36}},"50":{"start":{"line":106,"column":8},"end":{"line":114,"column":10}},"51":{"start":{"line":107,"column":12},"end":{"line":113,"column":13}},"52":{"start":{"line":108,"column":16},"end":{"line":108,"column":64}},"53":{"start":{"line":109,"column":16},"end":{"line":109,"column":39}},"54":{"start":{"line":111,"column":16},"end":{"line":111,"column":46}},"55":{"start":{"line":112,"column":16},"end":{"line":112,"column":32}},"56":{"start":{"line":118,"column":0},"end":{"line":118,"column":21}}},"fnMap":{"0":{"name":"(anonymous_0)","decl":{"start":{"line":7,"column":1},"end":{"line":7,"column":2}},"loc":{"start":{"line":7,"column":19},"end":{"line":13,"column":2}},"line":7},"1":{"name":"(anonymous_1)","decl":{"start":{"line":16,"column":1},"end":{"line":16,"column":2}},"loc":{"start":{"line":16,"column":22},"end":{"line":27,"column":2}},"line":16},"2":{"name":"(anonymous_2)","decl":{"start":{"line":17,"column":21},"end":{"line":17,"column":22}},"loc":{"start":{"line":17,"column":48},"end":{"line":26,"column":3}},"line":17},"3":{"name":"(anonymous_3)","decl":{"start":{"line":20,"column":36},"end":{"line":20,"column":37}},"loc":{"start":{"line":20,"column":43},"end":{"line":20,"column":54}},"line":20},"4":{"name":"(anonymous_4)","decl":{"start":{"line":30,"column":1},"end":{"line":30,"column":2}},"loc":{"start":{"line":30,"column":31},"end":{"line":45,"column":2}},"line":30},"5":{"name":"(anonymous_5)","decl":{"start":{"line":31,"column":21},"end":{"line":31,"column":22}},"loc":{"start":{"line":31,"column":48},"end":{"line":44,"column":3}},"line":31},"6":{"name":"(anonymous_6)","decl":{"start":{"line":48,"column":1},"end":{"line":48,"column":2}},"loc":{"start":{"line":48,"column":31},"end":{"line":72,"column":5}},"line":48},"7":{"name":"(anonymous_7)","decl":{"start":{"line":50,"column":21},"end":{"line":50,"column":22}},"loc":{"start":{"line":50,"column":48},"end":{"line":71,"column":9}},"line":50},"8":{"name":"(anonymous_8)","decl":{"start":{"line":63,"column":33},"end":{"line":63,"column":34}},"loc":{"start":{"line":63,"column":42},"end":{"line":63,"column":78}},"line":63},"9":{"name":"(anonymous_9)","decl":{"start":{"line":74,"column":1},"end":{"line":74,"column":2}},"loc":{"start":{"line":74,"column":38},"end":{"line":83,"column":2}},"line":74},"10":{"name":"(anonymous_10)","decl":{"start":{"line":75,"column":21},"end":{"line":75,"column":22}},"loc":{"start":{"line":75,"column":47},"end":{"line":82,"column":3}},"line":75},"11":{"name":"(anonymous_11)","decl":{"start":{"line":86,"column":1},"end":{"line":86,"column":2}},"loc":{"start":{"line":86,"column":11},"end":{"line":102,"column":2}},"line":86},"12":{"name":"(anonymous_12)","decl":{"start":{"line":87,"column":21},"end":{"line":87,"column":22}},"loc":{"start":{"line":87,"column":48},"end":{"line":101,"column":3}},"line":87},"13":{"name":"(anonymous_13)","decl":{"start":{"line":105,"column":1},"end":{"line":105,"column":2}},"loc":{"start":{"line":105,"column":36},"end":{"line":115,"column":5}},"line":105},"14":{"name":"(anonymous_14)","decl":{"start":{"line":106,"column":27},"end":{"line":106,"column":28}},"loc":{"start":{"line":106,"column":54},"end":{"line":114,"column":9}},"line":106}},"branchMap":{},"s":{"0":1,"1":1,"2":1,"3":1,"4":4,"5":4,"6":4,"7":4,"8":4,"9":1,"10":1,"11":1,"12":1,"13":1,"14":1,"15":0,"16":0,"17":2,"18":2,"19":2,"20":2,"21":2,"22":0,"23":0,"24":1,"25":1,"26":1,"27":1,"28":1,"29":1,"30":1,"31":1,"32":3,"33":1,"34":0,"35":0,"36":1,"37":0,"38":0,"39":0,"40":0,"41":0,"42":1,"43":1,"44":1,"45":1,"46":1,"47":1,"48":0,"49":0,"50":3,"51":3,"52":3,"53":3,"54":0,"55":0,"56":1},"f":{"0":4,"1":1,"2":1,"3":1,"4":2,"5":2,"6":1,"7":1,"8":3,"9":0,"10":0,"11":1,"12":1,"13":3,"14":3},"b":{},"_coverageSchema":"1a1c01bbd47fc00a2c39e90264f33305004495a9","hash":"763a65fb79633ae3bba1d017d87e16b3c0b877f2"}
,"/Users/sheenadiep/Desktop/kamkwamba/lap3/project3/YeOldeQuizzBackend/src/models/Round.js": {"path":"/Users/sheenadiep/Desktop/kamkwamba/lap3/project3/YeOldeQuizzBackend/src/models/Round.js","statementMap":{"0":{"start":{"line":1,"column":11},"end":{"line":1,"column":32}},"1":{"start":{"line":2,"column":14},"end":{"line":2,"column":32}},"2":{"start":{"line":6,"column":4},"end":{"line":6,"column":34}},"3":{"start":{"line":7,"column":4},"end":{"line":7,"column":32}},"4":{"start":{"line":8,"column":4},"end":{"line":8,"column":28}},"5":{"start":{"line":13,"column":2},"end":{"line":21,"column":4}},"6":{"start":{"line":14,"column":3},"end":{"line":20,"column":4}},"7":{"start":{"line":15,"column":21},"end":{"line":15,"column":60}},"8":{"start":{"line":16,"column":19},"end":{"line":16,"column":57}},"9":{"start":{"line":16,"column":44},"end":{"line":16,"column":56}},"10":{"start":{"line":17,"column":4},"end":{"line":17,"column":19}},"11":{"start":{"line":19,"column":4},"end":{"line":19,"column":30}},"12":{"start":{"line":26,"column":2},"end":{"line":34,"column":4}},"13":{"start":{"line":27,"column":3},"end":{"line":33,"column":4}},"14":{"start":{"line":28,"column":21},"end":{"line":28,"column":85}},"15":{"start":{"line":29,"column":19},"end":{"line":29,"column":55}},"16":{"start":{"line":29,"column":42},"end":{"line":29,"column":54}},"17":{"start":{"line":30,"column":4},"end":{"line":30,"column":19}},"18":{"start":{"line":32,"column":4},"end":{"line":32,"column":30}},"19":{"start":{"line":40,"column":4},"end":{"line":52,"column":7}},"20":{"start":{"line":41,"column":6},"end":{"line":51,"column":7}},"21":{"start":{"line":42,"column":23},"end":{"line":45,"column":9}},"22":{"start":{"line":46,"column":23},"end":{"line":46,"column":48}},"23":{"start":{"line":47,"column":8},"end":{"line":47,"column":26}},"24":{"start":{"line":49,"column":8},"end":{"line":49,"column":41}},"25":{"start":{"line":50,"column":8},"end":{"line":50,"column":25}},"26":{"start":{"line":57,"column":4},"end":{"line":66,"column":7}},"27":{"start":{"line":58,"column":6},"end":{"line":65,"column":7}},"28":{"start":{"line":59,"column":8},"end":{"line":59,"column":65}},"29":{"start":{"line":61,"column":8},"end":{"line":61,"column":32}},"30":{"start":{"line":63,"column":8},"end":{"line":63,"column":39}},"31":{"start":{"line":64,"column":8},"end":{"line":64,"column":25}},"32":{"start":{"line":70,"column":4},"end":{"line":80,"column":7}},"33":{"start":{"line":71,"column":6},"end":{"line":79,"column":7}},"34":{"start":{"line":72,"column":23},"end":{"line":75,"column":9}},"35":{"start":{"line":76,"column":8},"end":{"line":76,"column":39}},"36":{"start":{"line":78,"column":8},"end":{"line":78,"column":42}},"37":{"start":{"line":84,"column":0},"end":{"line":84,"column":23}}},"fnMap":{"0":{"name":"(anonymous_0)","decl":{"start":{"line":5,"column":2},"end":{"line":5,"column":3}},"loc":{"start":{"line":5,"column":20},"end":{"line":9,"column":3}},"line":5},"1":{"name":"(anonymous_1)","decl":{"start":{"line":12,"column":1},"end":{"line":12,"column":2}},"loc":{"start":{"line":12,"column":18},"end":{"line":22,"column":2}},"line":12},"2":{"name":"(anonymous_2)","decl":{"start":{"line":13,"column":21},"end":{"line":13,"column":22}},"loc":{"start":{"line":13,"column":48},"end":{"line":21,"column":3}},"line":13},"3":{"name":"(anonymous_3)","decl":{"start":{"line":16,"column":37},"end":{"line":16,"column":38}},"loc":{"start":{"line":16,"column":44},"end":{"line":16,"column":56}},"line":16},"4":{"name":"(anonymous_4)","decl":{"start":{"line":25,"column":1},"end":{"line":25,"column":2}},"loc":{"start":{"line":25,"column":24},"end":{"line":35,"column":2}},"line":25},"5":{"name":"(anonymous_5)","decl":{"start":{"line":26,"column":21},"end":{"line":26,"column":22}},"loc":{"start":{"line":26,"column":48},"end":{"line":34,"column":3}},"line":26},"6":{"name":"(anonymous_6)","decl":{"start":{"line":29,"column":37},"end":{"line":29,"column":38}},"loc":{"start":{"line":29,"column":42},"end":{"line":29,"column":54}},"line":29},"7":{"name":"(anonymous_7)","decl":{"start":{"line":39,"column":2},"end":{"line":39,"column":3}},"loc":{"start":{"line":39,"column":42},"end":{"line":53,"column":3}},"line":39},"8":{"name":"(anonymous_8)","decl":{"start":{"line":40,"column":23},"end":{"line":40,"column":24}},"loc":{"start":{"line":40,"column":50},"end":{"line":52,"column":5}},"line":40},"9":{"name":"(anonymous_9)","decl":{"start":{"line":56,"column":2},"end":{"line":56,"column":3}},"loc":{"start":{"line":56,"column":30},"end":{"line":67,"column":3}},"line":56},"10":{"name":"(anonymous_10)","decl":{"start":{"line":57,"column":23},"end":{"line":57,"column":24}},"loc":{"start":{"line":57,"column":50},"end":{"line":66,"column":5}},"line":57},"11":{"name":"(anonymous_11)","decl":{"start":{"line":69,"column":2},"end":{"line":69,"column":3}},"loc":{"start":{"line":69,"column":12},"end":{"line":81,"column":3}},"line":69},"12":{"name":"(anonymous_12)","decl":{"start":{"line":70,"column":23},"end":{"line":70,"column":24}},"loc":{"start":{"line":70,"column":50},"end":{"line":80,"column":5}},"line":70}},"branchMap":{},"s":{"0":1,"1":1,"2":3,"3":3,"4":3,"5":0,"6":0,"7":0,"8":0,"9":0,"10":0,"11":0,"12":0,"13":0,"14":0,"15":0,"16":0,"17":0,"18":0,"19":3,"20":3,"21":3,"22":3,"23":3,"24":0,"25":0,"26":0,"27":0,"28":0,"29":0,"30":0,"31":0,"32":0,"33":0,"34":0,"35":0,"36":0,"37":1},"f":{"0":3,"1":0,"2":0,"3":0,"4":0,"5":0,"6":0,"7":3,"8":3,"9":0,"10":0,"11":0,"12":0},"b":{},"_coverageSchema":"1a1c01bbd47fc00a2c39e90264f33305004495a9","hash":"c271020ffd3cf0b7649738ba5a56e9bc44d647e4"}
,"/Users/sheenadiep/Desktop/kamkwamba/lap3/project3/YeOldeQuizzBackend/src/models/Score.js": {"path":"/Users/sheenadiep/Desktop/kamkwamba/lap3/project3/YeOldeQuizzBackend/src/models/Score.js","statementMap":{"0":{"start":{"line":1,"column":11},"end":{"line":1,"column":32}},"1":{"start":{"line":3,"column":0},"end":{"line":127,"column":2}},"2":{"start":{"line":5,"column":4},"end":{"line":5,"column":34}},"3":{"start":{"line":6,"column":4},"end":{"line":6,"column":28}},"4":{"start":{"line":7,"column":4},"end":{"line":7,"column":34}},"5":{"start":{"line":8,"column":4},"end":{"line":8,"column":32}},"6":{"start":{"line":9,"column":4},"end":{"line":9,"column":32}},"7":{"start":{"line":14,"column":4},"end":{"line":22,"column":7}},"8":{"start":{"line":15,"column":6},"end":{"line":21,"column":7}},"9":{"start":{"line":16,"column":25},"end":{"line":16,"column":64}},"10":{"start":{"line":17,"column":23},"end":{"line":17,"column":61}},"11":{"start":{"line":17,"column":48},"end":{"line":17,"column":60}},"12":{"start":{"line":18,"column":8},"end":{"line":18,"column":24}},"13":{"start":{"line":20,"column":8},"end":{"line":20,"column":35}},"14":{"start":{"line":28,"column":4},"end":{"line":40,"column":7}},"15":{"start":{"line":29,"column":6},"end":{"line":39,"column":7}},"16":{"start":{"line":30,"column":24},"end":{"line":33,"column":9}},"17":{"start":{"line":34,"column":21},"end":{"line":34,"column":60}},"18":{"start":{"line":34,"column":47},"end":{"line":34,"column":59}},"19":{"start":{"line":35,"column":8},"end":{"line":35,"column":24}},"20":{"start":{"line":37,"column":8},"end":{"line":37,"column":25}},"21":{"start":{"line":38,"column":8},"end":{"line":38,"column":35}},"22":{"start":{"line":45,"column":4},"end":{"line":56,"column":7}},"23":{"start":{"line":46,"column":6},"end":{"line":55,"column":7}},"24":{"start":{"line":47,"column":24},"end":{"line":50,"column":9}},"25":{"start":{"line":51,"column":21},"end":{"line":51,"column":60}},"26":{"start":{"line":51,"column":47},"end":{"line":51,"column":59}},"27":{"start":{"line":52,"column":8},"end":{"line":52,"column":24}},"28":{"start":{"line":54,"column":8},"end":{"line":54,"column":35}},"29":{"start":{"line":62,"column":4},"end":{"line":77,"column":7}},"30":{"start":{"line":63,"column":6},"end":{"line":76,"column":7}},"31":{"start":{"line":65,"column":24},"end":{"line":68,"column":9}},"32":{"start":{"line":70,"column":23},"end":{"line":70,"column":51}},"33":{"start":{"line":72,"column":8},"end":{"line":72,"column":26}},"34":{"start":{"line":74,"column":8},"end":{"line":74,"column":25}},"35":{"start":{"line":75,"column":8},"end":{"line":75,"column":45}},"36":{"start":{"line":81,"column":4},"end":{"line":92,"column":7}},"37":{"start":{"line":82,"column":6},"end":{"line":91,"column":7}},"38":{"start":{"line":83,"column":24},"end":{"line":86,"column":9}},"39":{"start":{"line":87,"column":25},"end":{"line":87,"column":53}},"40":{"start":{"line":88,"column":8},"end":{"line":88,"column":28}},"41":{"start":{"line":90,"column":8},"end":{"line":90,"column":74}},"42":{"start":{"line":97,"column":4},"end":{"line":109,"column":7}},"43":{"start":{"line":98,"column":6},"end":{"line":108,"column":7}},"44":{"start":{"line":99,"column":21},"end":{"line":102,"column":9}},"45":{"start":{"line":103,"column":8},"end":{"line":103,"column":36}},"46":{"start":{"line":104,"column":8},"end":{"line":104,"column":32}},"47":{"start":{"line":106,"column":8},"end":{"line":106,"column":25}},"48":{"start":{"line":107,"column":8},"end":{"line":107,"column":41}},"49":{"start":{"line":114,"column":4},"end":{"line":125,"column":7}},"50":{"start":{"line":115,"column":6},"end":{"line":124,"column":7}},"51":{"start":{"line":116,"column":8},"end":{"line":116,"column":34}},"52":{"start":{"line":117,"column":23},"end":{"line":120,"column":9}},"53":{"start":{"line":121,"column":8},"end":{"line":121,"column":39}},"54":{"start":{"line":123,"column":8},"end":{"line":123,"column":42}}},"fnMap":{"0":{"name":"(anonymous_0)","decl":{"start":{"line":4,"column":2},"end":{"line":4,"column":3}},"loc":{"start":{"line":4,"column":20},"end":{"line":10,"column":3}},"line":4},"1":{"name":"(anonymous_1)","decl":{"start":{"line":13,"column":2},"end":{"line":13,"column":3}},"loc":{"start":{"line":13,"column":19},"end":{"line":23,"column":3}},"line":13},"2":{"name":"(anonymous_2)","decl":{"start":{"line":14,"column":23},"end":{"line":14,"column":24}},"loc":{"start":{"line":14,"column":50},"end":{"line":22,"column":5}},"line":14},"3":{"name":"(anonymous_3)","decl":{"start":{"line":17,"column":41},"end":{"line":17,"column":42}},"loc":{"start":{"line":17,"column":48},"end":{"line":17,"column":60}},"line":17},"4":{"name":"(anonymous_4)","decl":{"start":{"line":27,"column":2},"end":{"line":27,"column":3}},"loc":{"start":{"line":27,"column":26},"end":{"line":41,"column":3}},"line":27},"5":{"name":"(anonymous_5)","decl":{"start":{"line":28,"column":23},"end":{"line":28,"column":24}},"loc":{"start":{"line":28,"column":50},"end":{"line":40,"column":5}},"line":28},"6":{"name":"(anonymous_6)","decl":{"start":{"line":34,"column":40},"end":{"line":34,"column":41}},"loc":{"start":{"line":34,"column":47},"end":{"line":34,"column":59}},"line":34},"7":{"name":"(anonymous_7)","decl":{"start":{"line":44,"column":2},"end":{"line":44,"column":3}},"loc":{"start":{"line":44,"column":26},"end":{"line":57,"column":3}},"line":44},"8":{"name":"(anonymous_8)","decl":{"start":{"line":45,"column":23},"end":{"line":45,"column":24}},"loc":{"start":{"line":45,"column":50},"end":{"line":56,"column":5}},"line":45},"9":{"name":"(anonymous_9)","decl":{"start":{"line":51,"column":40},"end":{"line":51,"column":41}},"loc":{"start":{"line":51,"column":47},"end":{"line":51,"column":59}},"line":51},"10":{"name":"(anonymous_10)","decl":{"start":{"line":61,"column":2},"end":{"line":61,"column":3}},"loc":{"start":{"line":61,"column":44},"end":{"line":78,"column":3}},"line":61},"11":{"name":"(anonymous_11)","decl":{"start":{"line":62,"column":23},"end":{"line":62,"column":24}},"loc":{"start":{"line":62,"column":50},"end":{"line":77,"column":5}},"line":62},"12":{"name":"(anonymous_12)","decl":{"start":{"line":80,"column":2},"end":{"line":80,"column":3}},"loc":{"start":{"line":80,"column":33},"end":{"line":93,"column":3}},"line":80},"13":{"name":"(anonymous_13)","decl":{"start":{"line":81,"column":23},"end":{"line":81,"column":24}},"loc":{"start":{"line":81,"column":50},"end":{"line":92,"column":5}},"line":81},"14":{"name":"(anonymous_14)","decl":{"start":{"line":96,"column":2},"end":{"line":96,"column":3}},"loc":{"start":{"line":96,"column":36},"end":{"line":110,"column":3}},"line":96},"15":{"name":"(anonymous_15)","decl":{"start":{"line":97,"column":23},"end":{"line":97,"column":24}},"loc":{"start":{"line":97,"column":50},"end":{"line":109,"column":5}},"line":97},"16":{"name":"(anonymous_16)","decl":{"start":{"line":113,"column":2},"end":{"line":113,"column":3}},"loc":{"start":{"line":113,"column":12},"end":{"line":126,"column":3}},"line":113},"17":{"name":"(anonymous_17)","decl":{"start":{"line":114,"column":23},"end":{"line":114,"column":24}},"loc":{"start":{"line":114,"column":50},"end":{"line":125,"column":5}},"line":114}},"branchMap":{},"s":{"0":1,"1":1,"2":0,"3":0,"4":0,"5":0,"6":0,"7":1,"8":1,"9":1,"10":1,"11":0,"12":1,"13":0,"14":0,"15":0,"16":0,"17":0,"18":0,"19":0,"20":0,"21":0,"22":0,"23":0,"24":0,"25":0,"26":0,"27":0,"28":0,"29":0,"30":0,"31":0,"32":0,"33":0,"34":0,"35":0,"36":0,"37":0,"38":0,"39":0,"40":0,"41":0,"42":0,"43":0,"44":0,"45":0,"46":0,"47":0,"48":0,"49":0,"50":0,"51":0,"52":0,"53":0,"54":0},"f":{"0":0,"1":1,"2":1,"3":0,"4":0,"5":0,"6":0,"7":0,"8":0,"9":0,"10":0,"11":0,"12":0,"13":0,"14":0,"15":0,"16":0,"17":0},"b":{},"_coverageSchema":"1a1c01bbd47fc00a2c39e90264f33305004495a9","hash":"bbd27b31bc3317cfbc06419ea4e5540af56b55c0"}
,"/Users/sheenadiep/Desktop/kamkwamba/lap3/project3/YeOldeQuizzBackend/src/models/Session.js": {"path":"/Users/sheenadiep/Desktop/kamkwamba/lap3/project3/YeOldeQuizzBackend/src/models/Session.js","statementMap":{"0":{"start":{"line":1,"column":11},"end":{"line":1,"column":32}},"1":{"start":{"line":2,"column":23},"end":{"line":2,"column":38}},"2":{"start":{"line":6,"column":2},"end":{"line":6,"column":30}},"3":{"start":{"line":7,"column":2},"end":{"line":7,"column":36}},"4":{"start":{"line":8,"column":2},"end":{"line":8,"column":24}},"5":{"start":{"line":12,"column":2},"end":{"line":27,"column":4}},"6":{"start":{"line":13,"column":3},"end":{"line":26,"column":4}},"7":{"start":{"line":14,"column":18},"end":{"line":14,"column":43}},"8":{"start":{"line":16,"column":19},"end":{"line":19,"column":5}},"9":{"start":{"line":21,"column":21},"end":{"line":21,"column":50}},"10":{"start":{"line":22,"column":4},"end":{"line":22,"column":23}},"11":{"start":{"line":24,"column":4},"end":{"line":24,"column":42}},"12":{"start":{"line":25,"column":4},"end":{"line":25,"column":20}},"13":{"start":{"line":50,"column":2},"end":{"line":65,"column":4}},"14":{"start":{"line":51,"column":3},"end":{"line":64,"column":4}},"15":{"start":{"line":52,"column":19},"end":{"line":55,"column":5}},"16":{"start":{"line":56,"column":4},"end":{"line":58,"column":5}},"17":{"start":{"line":57,"column":5},"end":{"line":57,"column":49}},"18":{"start":{"line":59,"column":18},"end":{"line":59,"column":47}},"19":{"start":{"line":60,"column":4},"end":{"line":60,"column":20}},"20":{"start":{"line":62,"column":4},"end":{"line":62,"column":31}},"21":{"start":{"line":63,"column":4},"end":{"line":63,"column":20}},"22":{"start":{"line":69,"column":2},"end":{"line":80,"column":4}},"23":{"start":{"line":70,"column":3},"end":{"line":79,"column":4}},"24":{"start":{"line":71,"column":19},"end":{"line":74,"column":5}},"25":{"start":{"line":75,"column":4},"end":{"line":75,"column":30}},"26":{"start":{"line":77,"column":4},"end":{"line":77,"column":38}},"27":{"start":{"line":78,"column":4},"end":{"line":78,"column":20}},"28":{"start":{"line":84,"column":0},"end":{"line":84,"column":24}}},"fnMap":{"0":{"name":"(anonymous_0)","decl":{"start":{"line":5,"column":1},"end":{"line":5,"column":2}},"loc":{"start":{"line":5,"column":53},"end":{"line":9,"column":2}},"line":5},"1":{"name":"(anonymous_1)","decl":{"start":{"line":11,"column":1},"end":{"line":11,"column":2}},"loc":{"start":{"line":11,"column":30},"end":{"line":28,"column":2}},"line":11},"2":{"name":"(anonymous_2)","decl":{"start":{"line":12,"column":21},"end":{"line":12,"column":22}},"loc":{"start":{"line":12,"column":48},"end":{"line":27,"column":3}},"line":12},"3":{"name":"(anonymous_3)","decl":{"start":{"line":49,"column":1},"end":{"line":49,"column":2}},"loc":{"start":{"line":49,"column":40},"end":{"line":66,"column":2}},"line":49},"4":{"name":"(anonymous_4)","decl":{"start":{"line":50,"column":21},"end":{"line":50,"column":22}},"loc":{"start":{"line":50,"column":48},"end":{"line":65,"column":3}},"line":50},"5":{"name":"(anonymous_5)","decl":{"start":{"line":68,"column":1},"end":{"line":68,"column":2}},"loc":{"start":{"line":68,"column":23},"end":{"line":81,"column":2}},"line":68},"6":{"name":"(anonymous_6)","decl":{"start":{"line":69,"column":21},"end":{"line":69,"column":22}},"loc":{"start":{"line":69,"column":48},"end":{"line":80,"column":3}},"line":69}},"branchMap":{"0":{"loc":{"start":{"line":56,"column":4},"end":{"line":58,"column":5}},"type":"if","locations":[{"start":{"line":56,"column":4},"end":{"line":58,"column":5}},{"start":{},"end":{}}],"line":56}},"s":{"0":1,"1":1,"2":4,"3":4,"4":4,"5":1,"6":1,"7":1,"8":1,"9":1,"10":1,"11":0,"12":0,"13":3,"14":3,"15":3,"16":3,"17":0,"18":3,"19":3,"20":0,"21":0,"22":0,"23":0,"24":0,"25":0,"26":0,"27":0,"28":1},"f":{"0":4,"1":1,"2":1,"3":3,"4":3,"5":0,"6":0},"b":{"0":[0,3]},"_coverageSchema":"1a1c01bbd47fc00a2c39e90264f33305004495a9","hash":"65abbe9d759d0dcd9b691dca8c7090d0d2caf46b"}
,"/Users/sheenadiep/Desktop/kamkwamba/lap3/project3/YeOldeQuizzBackend/src/models/User.js": {"path":"/Users/sheenadiep/Desktop/kamkwamba/lap3/project3/YeOldeQuizzBackend/src/models/User.js","statementMap":{"0":{"start":{"line":1,"column":11},"end":{"line":1,"column":32}},"1":{"start":{"line":6,"column":8},"end":{"line":6,"column":26}},"2":{"start":{"line":7,"column":8},"end":{"line":7,"column":30}},"3":{"start":{"line":8,"column":8},"end":{"line":8,"column":38}},"4":{"start":{"line":9,"column":8},"end":{"line":9,"column":43}},"5":{"start":{"line":13,"column":8},"end":{"line":25,"column":10}},"6":{"start":{"line":14,"column":12},"end":{"line":24,"column":13}},"7":{"start":{"line":15,"column":33},"end":{"line":15,"column":95}},"8":{"start":{"line":16,"column":16},"end":{"line":18,"column":17}},"9":{"start":{"line":17,"column":20},"end":{"line":17,"column":61}},"10":{"start":{"line":19,"column":28},"end":{"line":19,"column":54}},"11":{"start":{"line":20,"column":16},"end":{"line":20,"column":31}},"12":{"start":{"line":22,"column":16},"end":{"line":22,"column":41}},"13":{"start":{"line":23,"column":16},"end":{"line":23,"column":32}},"14":{"start":{"line":30,"column":8},"end":{"line":43,"column":10}},"15":{"start":{"line":31,"column":12},"end":{"line":42,"column":13}},"16":{"start":{"line":33,"column":33},"end":{"line":33,"column":102}},"17":{"start":{"line":34,"column":16},"end":{"line":36,"column":17}},"18":{"start":{"line":35,"column":20},"end":{"line":35,"column":61}},"19":{"start":{"line":37,"column":28},"end":{"line":37,"column":54}},"20":{"start":{"line":38,"column":16},"end":{"line":38,"column":30}},"21":{"start":{"line":40,"column":16},"end":{"line":40,"column":41}},"22":{"start":{"line":41,"column":16},"end":{"line":41,"column":33}},"23":{"start":{"line":48,"column":8},"end":{"line":61,"column":10}},"24":{"start":{"line":49,"column":12},"end":{"line":60,"column":13}},"25":{"start":{"line":50,"column":47},"end":{"line":50,"column":51}},"26":{"start":{"line":52,"column":31},"end":{"line":53,"column":37}},"27":{"start":{"line":54,"column":30},"end":{"line":54,"column":54}},"28":{"start":{"line":55,"column":32},"end":{"line":55,"column":58}},"29":{"start":{"line":56,"column":16},"end":{"line":56,"column":33}},"30":{"start":{"line":58,"column":16},"end":{"line":58,"column":51}},"31":{"start":{"line":59,"column":16},"end":{"line":59,"column":33}},"32":{"start":{"line":65,"column":8},"end":{"line":78,"column":10}},"33":{"start":{"line":66,"column":12},"end":{"line":77,"column":9}},"34":{"start":{"line":67,"column":35},"end":{"line":67,"column":109}},"35":{"start":{"line":68,"column":16},"end":{"line":68,"column":66}},"36":{"start":{"line":69,"column":16},"end":{"line":74,"column":9}},"37":{"start":{"line":70,"column":33},"end":{"line":70,"column":131}},"38":{"start":{"line":71,"column":20},"end":{"line":71,"column":43}},"39":{"start":{"line":73,"column":12},"end":{"line":73,"column":67}},"40":{"start":{"line":75,"column":12},"end":{"line":75,"column":28}},"41":{"start":{"line":76,"column":12},"end":{"line":76,"column":43}},"42":{"start":{"line":83,"column":0},"end":{"line":83,"column":22}}},"fnMap":{"0":{"name":"(anonymous_0)","decl":{"start":{"line":5,"column":4},"end":{"line":5,"column":5}},"loc":{"start":{"line":5,"column":69},"end":{"line":10,"column":5}},"line":5},"1":{"name":"(anonymous_1)","decl":{"start":{"line":12,"column":4},"end":{"line":12,"column":5}},"loc":{"start":{"line":12,"column":30},"end":{"line":27,"column":5}},"line":12},"2":{"name":"(anonymous_2)","decl":{"start":{"line":13,"column":28},"end":{"line":13,"column":29}},"loc":{"start":{"line":13,"column":55},"end":{"line":25,"column":9}},"line":13},"3":{"name":"(anonymous_3)","decl":{"start":{"line":29,"column":4},"end":{"line":29,"column":5}},"loc":{"start":{"line":29,"column":42},"end":{"line":45,"column":5}},"line":29},"4":{"name":"(anonymous_4)","decl":{"start":{"line":30,"column":28},"end":{"line":30,"column":29}},"loc":{"start":{"line":30,"column":55},"end":{"line":43,"column":9}},"line":30},"5":{"name":"(anonymous_5)","decl":{"start":{"line":47,"column":4},"end":{"line":47,"column":5}},"loc":{"start":{"line":47,"column":30},"end":{"line":62,"column":5}},"line":47},"6":{"name":"(anonymous_6)","decl":{"start":{"line":48,"column":28},"end":{"line":48,"column":29}},"loc":{"start":{"line":48,"column":55},"end":{"line":61,"column":9}},"line":48},"7":{"name":"(anonymous_7)","decl":{"start":{"line":64,"column":4},"end":{"line":64,"column":5}},"loc":{"start":{"line":64,"column":38},"end":{"line":79,"column":9}},"line":64},"8":{"name":"(anonymous_8)","decl":{"start":{"line":65,"column":27},"end":{"line":65,"column":28}},"loc":{"start":{"line":65,"column":54},"end":{"line":78,"column":9}},"line":65}},"branchMap":{"0":{"loc":{"start":{"line":16,"column":16},"end":{"line":18,"column":17}},"type":"if","locations":[{"start":{"line":16,"column":16},"end":{"line":18,"column":17}},{"start":{},"end":{}}],"line":16},"1":{"loc":{"start":{"line":34,"column":16},"end":{"line":36,"column":17}},"type":"if","locations":[{"start":{"line":34,"column":16},"end":{"line":36,"column":17}},{"start":{},"end":{}}],"line":34},"2":{"loc":{"start":{"line":69,"column":16},"end":{"line":74,"column":9}},"type":"if","locations":[{"start":{"line":69,"column":16},"end":{"line":74,"column":9}},{"start":{"line":72,"column":23},"end":{"line":74,"column":9}}],"line":69}},"s":{"0":1,"1":3,"2":3,"3":3,"4":3,"5":2,"6":2,"7":2,"8":2,"9":0,"10":2,"11":2,"12":0,"13":0,"14":1,"15":1,"16":1,"17":1,"18":0,"19":1,"20":1,"21":0,"22":0,"23":1,"24":1,"25":1,"26":1,"27":1,"28":1,"29":1,"30":0,"31":0,"32":1,"33":1,"34":1,"35":1,"36":1,"37":1,"38":1,"39":0,"40":0,"41":0,"42":1},"f":{"0":3,"1":2,"2":2,"3":1,"4":1,"5":1,"6":1,"7":1,"8":1},"b":{"0":[0,2],"1":[0,1],"2":[1,0]},"_coverageSchema":"1a1c01bbd47fc00a2c39e90264f33305004495a9","hash":"cd17aa4dd1e15231917133a95d3ef1de0d3e74d6"}
,"/Users/sheenadiep/Desktop/kamkwamba/lap3/project3/YeOldeQuizzBackend/src/routers/games.js": {"path":"/Users/sheenadiep/Desktop/kamkwamba/lap3/project3/YeOldeQuizzBackend/src/routers/games.js","statementMap":{"0":{"start":{"line":1,"column":16},"end":{"line":1,"column":34}},"1":{"start":{"line":2,"column":20},"end":{"line":2,"column":36}},"2":{"start":{"line":3,"column":24},"end":{"line":3,"column":55}},"3":{"start":{"line":4,"column":22},"end":{"line":4,"column":51}},"4":{"start":{"line":6,"column":0},"end":{"line":6,"column":43}},"5":{"start":{"line":7,"column":0},"end":{"line":7,"column":45}},"6":{"start":{"line":8,"column":0},"end":{"line":8,"column":45}},"7":{"start":{"line":9,"column":0},"end":{"line":9,"column":51}},"8":{"start":{"line":10,"column":0},"end":{"line":10,"column":47}},"9":{"start":{"line":13,"column":0},"end":{"line":13,"column":28}}},"fnMap":{},"branchMap":{},"s":{"0":1,"1":1,"2":1,"3":1,"4":1,"5":1,"6":1,"7":1,"8":1,"9":1},"f":{},"b":{},"_coverageSchema":"1a1c01bbd47fc00a2c39e90264f33305004495a9","hash":"b87b84985e4a80caace2106d2140ad63a3606ea4"}
,"/Users/sheenadiep/Desktop/kamkwamba/lap3/project3/YeOldeQuizzBackend/src/routers/rounds.js": {"path":"/Users/sheenadiep/Desktop/kamkwamba/lap3/project3/YeOldeQuizzBackend/src/routers/rounds.js","statementMap":{"0":{"start":{"line":2,"column":16},"end":{"line":2,"column":34}},"1":{"start":{"line":3,"column":21},"end":{"line":3,"column":37}},"2":{"start":{"line":4,"column":25},"end":{"line":4,"column":57}},"3":{"start":{"line":7,"column":0},"end":{"line":7,"column":48}},"4":{"start":{"line":8,"column":0},"end":{"line":8,"column":54}},"5":{"start":{"line":11,"column":0},"end":{"line":11,"column":30}}},"fnMap":{},"branchMap":{},"s":{"0":1,"1":1,"2":1,"3":1,"4":1,"5":1},"f":{},"b":{},"_coverageSchema":"1a1c01bbd47fc00a2c39e90264f33305004495a9","hash":"836fed98de91a1785f434bf42db02a50f4b7b7af"}
,"/Users/sheenadiep/Desktop/kamkwamba/lap3/project3/YeOldeQuizzBackend/src/routers/scores.js": {"path":"/Users/sheenadiep/Desktop/kamkwamba/lap3/project3/YeOldeQuizzBackend/src/routers/scores.js","statementMap":{"0":{"start":{"line":1,"column":16},"end":{"line":1,"column":34}},"1":{"start":{"line":2,"column":21},"end":{"line":2,"column":37}},"2":{"start":{"line":3,"column":25},"end":{"line":3,"column":57}},"3":{"start":{"line":4,"column":22},"end":{"line":4,"column":51}},"4":{"start":{"line":6,"column":0},"end":{"line":6,"column":45}},"5":{"start":{"line":7,"column":0},"end":{"line":7,"column":59}},"6":{"start":{"line":8,"column":0},"end":{"line":8,"column":58}},"7":{"start":{"line":9,"column":0},"end":{"line":9,"column":47}},"8":{"start":{"line":10,"column":0},"end":{"line":10,"column":49}},"9":{"start":{"line":11,"column":0},"end":{"line":11,"column":53}},"10":{"start":{"line":14,"column":0},"end":{"line":14,"column":29}}},"fnMap":{},"branchMap":{},"s":{"0":1,"1":1,"2":1,"3":1,"4":1,"5":1,"6":1,"7":1,"8":1,"9":1,"10":1},"f":{},"b":{},"_coverageSchema":"1a1c01bbd47fc00a2c39e90264f33305004495a9","hash":"eaa472252f98e2d819b515884ea99a6f66a8ed8a"}
,"/Users/sheenadiep/Desktop/kamkwamba/lap3/project3/YeOldeQuizzBackend/src/routers/users.js": {"path":"/Users/sheenadiep/Desktop/kamkwamba/lap3/project3/YeOldeQuizzBackend/src/routers/users.js","statementMap":{"0":{"start":{"line":1,"column":19},"end":{"line":1,"column":37}},"1":{"start":{"line":2,"column":23},"end":{"line":2,"column":54}},"2":{"start":{"line":4,"column":19},"end":{"line":4,"column":27}},"3":{"start":{"line":6,"column":0},"end":{"line":6,"column":54}},"4":{"start":{"line":7,"column":0},"end":{"line":7,"column":63}},"5":{"start":{"line":8,"column":0},"end":{"line":8,"column":53}},"6":{"start":{"line":9,"column":0},"end":{"line":9,"column":54}},"7":{"start":{"line":10,"column":0},"end":{"line":10,"column":48}},"8":{"start":{"line":11,"column":0},"end":{"line":11,"column":52}},"9":{"start":{"line":12,"column":0},"end":{"line":12,"column":45}},"10":{"start":{"line":14,"column":0},"end":{"line":14,"column":28}}},"fnMap":{},"branchMap":{},"s":{"0":1,"1":1,"2":1,"3":1,"4":1,"5":1,"6":1,"7":1,"8":1,"9":1,"10":1},"f":{},"b":{},"_coverageSchema":"1a1c01bbd47fc00a2c39e90264f33305004495a9","hash":"2e61cede56e3eedd7db4e1a8bc27d6a058c4ed2c"}
}
