{"/Users/sheenadiep/Desktop/kamkwamba/lap3/project3/YeOldeQuizzBackend/src/app.js": {"path":"/Users/sheenadiep/Desktop/kamkwamba/lap3/project3/YeOldeQuizzBackend/src/app.js","statementMap":{"0":{"start":{"line":1,"column":16},"end":{"line":1,"column":34}},"1":{"start":{"line":2,"column":13},"end":{"line":2,"column":28}},"2":{"start":{"line":3,"column":28},"end":{"line":3,"column":54}},"3":{"start":{"line":4,"column":21},"end":{"line":4,"column":40}},"4":{"start":{"line":6,"column":19},"end":{"line":6,"column":45}},"5":{"start":{"line":7,"column":21},"end":{"line":7,"column":48}},"6":{"start":{"line":8,"column":21},"end":{"line":8,"column":48}},"7":{"start":{"line":9,"column":20},"end":{"line":9,"column":46}},"8":{"start":{"line":11,"column":0},"end":{"line":11,"column":16}},"9":{"start":{"line":12,"column":0},"end":{"line":12,"column":24}},"10":{"start":{"line":14,"column":0},"end":{"line":14,"column":30}},"11":{"start":{"line":15,"column":0},"end":{"line":15,"column":33}},"12":{"start":{"line":16,"column":0},"end":{"line":16,"column":33}},"13":{"start":{"line":17,"column":0},"end":{"line":17,"column":31}},"14":{"start":{"line":19,"column":0},"end":{"line":19,"column":72}},"15":{"start":{"line":19,"column":27},"end":{"line":19,"column":70}},"16":{"start":{"line":21,"column":0},"end":{"line":21,"column":54}},"17":{"start":{"line":21,"column":32},"end":{"line":21,"column":52}},"18":{"start":{"line":23,"column":0},"end":{"line":23,"column":28}}},"fnMap":{"0":{"name":"(anonymous_0)","decl":{"start":{"line":19,"column":13},"end":{"line":19,"column":14}},"loc":{"start":{"line":19,"column":27},"end":{"line":19,"column":70}},"line":19},"1":{"name":"(anonymous_1)","decl":{"start":{"line":21,"column":20},"end":{"line":21,"column":21}},"loc":{"start":{"line":21,"column":32},"end":{"line":21,"column":52}},"line":21}},"branchMap":{},"s":{"0":4,"1":4,"2":4,"3":4,"4":4,"5":4,"6":4,"7":4,"8":4,"9":4,"10":4,"11":4,"12":4,"13":4,"14":4,"15":0,"16":4,"17":0,"18":4},"f":{"0":0,"1":0},"b":{},"_coverageSchema":"1a1c01bbd47fc00a2c39e90264f33305004495a9","hash":"36d606245df32b8637c7f86faaa65f728f2b3b4a"}
,"/Users/sheenadiep/Desktop/kamkwamba/lap3/project3/YeOldeQuizzBackend/src/server_socket.js": {"path":"/Users/sheenadiep/Desktop/kamkwamba/lap3/project3/YeOldeQuizzBackend/src/server_socket.js","statementMap":{"0":{"start":{"line":1,"column":13},"end":{"line":1,"column":28}},"1":{"start":{"line":2,"column":16},"end":{"line":2,"column":34}},"2":{"start":{"line":3,"column":12},"end":{"line":3,"column":21}},"3":{"start":{"line":4,"column":15},"end":{"line":4,"column":37}},"4":{"start":{"line":5,"column":11},"end":{"line":10,"column":2}},"5":{"start":{"line":12,"column":0},"end":{"line":12,"column":36}}},"fnMap":{},"branchMap":{},"s":{"0":4,"1":4,"2":4,"3":4,"4":4,"5":4},"f":{},"b":{},"_coverageSchema":"1a1c01bbd47fc00a2c39e90264f33305004495a9","hash":"873e7b9a768141ea6af841e2eb4890ce6713a5aa"}
,"/Users/sheenadiep/Desktop/kamkwamba/lap3/project3/YeOldeQuizzBackend/src/controllers/games.js": {"path":"/Users/sheenadiep/Desktop/kamkwamba/lap3/project3/YeOldeQuizzBackend/src/controllers/games.js","statementMap":{"0":{"start":{"line":1,"column":13},"end":{"line":1,"column":38}},"1":{"start":{"line":2,"column":13},"end":{"line":2,"column":38}},"2":{"start":{"line":3,"column":16},"end":{"line":3,"column":44}},"3":{"start":{"line":6,"column":4},"end":{"line":13,"column":5}},"4":{"start":{"line":7,"column":26},"end":{"line":7,"column":54}},"5":{"start":{"line":8,"column":21},"end":{"line":8,"column":64}},"6":{"start":{"line":9,"column":22},"end":{"line":9,"column":50}},"7":{"start":{"line":10,"column":8},"end":{"line":10,"column":35}},"8":{"start":{"line":12,"column":8},"end":{"line":12,"column":33}},"9":{"start":{"line":17,"column":4},"end":{"line":22,"column":5}},"10":{"start":{"line":18,"column":22},"end":{"line":18,"column":60}},"11":{"start":{"line":19,"column":8},"end":{"line":19,"column":35}},"12":{"start":{"line":21,"column":8},"end":{"line":21,"column":33}},"13":{"start":{"line":26,"column":4},"end":{"line":33,"column":5}},"14":{"start":{"line":27,"column":26},"end":{"line":27,"column":54}},"15":{"start":{"line":28,"column":21},"end":{"line":28,"column":64}},"16":{"start":{"line":29,"column":24},"end":{"line":29,"column":79}},"17":{"start":{"line":30,"column":8},"end":{"line":30,"column":37}},"18":{"start":{"line":32,"column":8},"end":{"line":32,"column":33}},"19":{"start":{"line":37,"column":4},"end":{"line":44,"column":5}},"20":{"start":{"line":38,"column":21},"end":{"line":38,"column":59}},"21":{"start":{"line":40,"column":21},"end":{"line":40,"column":41}},"22":{"start":{"line":41,"column":8},"end":{"line":41,"column":29}},"23":{"start":{"line":43,"column":8},"end":{"line":43,"column":34}},"24":{"start":{"line":48,"column":4},"end":{"line":54,"column":5}},"25":{"start":{"line":49,"column":21},"end":{"line":49,"column":70}},"26":{"start":{"line":50,"column":8},"end":{"line":50,"column":35}},"27":{"start":{"line":52,"column":8},"end":{"line":52,"column":24}},"28":{"start":{"line":53,"column":8},"end":{"line":53,"column":33}},"29":{"start":{"line":57,"column":0},"end":{"line":57,"column":55}}},"fnMap":{"0":{"name":"index","decl":{"start":{"line":5,"column":15},"end":{"line":5,"column":20}},"loc":{"start":{"line":5,"column":30},"end":{"line":14,"column":1}},"line":5},"1":{"name":"show","decl":{"start":{"line":16,"column":15},"end":{"line":16,"column":19}},"loc":{"start":{"line":16,"column":29},"end":{"line":23,"column":1}},"line":16},"2":{"name":"create","decl":{"start":{"line":25,"column":15},"end":{"line":25,"column":21}},"loc":{"start":{"line":25,"column":31},"end":{"line":34,"column":1}},"line":25},"3":{"name":"destroy","decl":{"start":{"line":36,"column":15},"end":{"line":36,"column":22}},"loc":{"start":{"line":36,"column":32},"end":{"line":45,"column":1}},"line":36},"4":{"name":"update","decl":{"start":{"line":47,"column":15},"end":{"line":47,"column":21}},"loc":{"start":{"line":47,"column":31},"end":{"line":55,"column":1}},"line":47}},"branchMap":{},"s":{"0":4,"1":4,"2":4,"3":0,"4":0,"5":0,"6":0,"7":0,"8":0,"9":0,"10":0,"11":0,"12":0,"13":0,"14":0,"15":0,"16":0,"17":0,"18":0,"19":0,"20":0,"21":0,"22":0,"23":0,"24":0,"25":0,"26":0,"27":0,"28":0,"29":4},"f":{"0":0,"1":0,"2":0,"3":0,"4":0},"b":{},"_coverageSchema":"1a1c01bbd47fc00a2c39e90264f33305004495a9","hash":"6561df3b04f9195ebbfa20f77b75f7c593bdeb4d"}
,"/Users/sheenadiep/Desktop/kamkwamba/lap3/project3/YeOldeQuizzBackend/src/controllers/rounds.js": {"path":"/Users/sheenadiep/Desktop/kamkwamba/lap3/project3/YeOldeQuizzBackend/src/controllers/rounds.js","statementMap":{"0":{"start":{"line":1,"column":14},"end":{"line":1,"column":40}},"1":{"start":{"line":4,"column":4},"end":{"line":9,"column":5}},"2":{"start":{"line":5,"column":22},"end":{"line":5,"column":50}},"3":{"start":{"line":6,"column":8},"end":{"line":6,"column":35}},"4":{"start":{"line":8,"column":8},"end":{"line":8,"column":35}},"5":{"start":{"line":13,"column":4},"end":{"line":19,"column":5}},"6":{"start":{"line":14,"column":22},"end":{"line":14,"column":61}},"7":{"start":{"line":15,"column":21},"end":{"line":15,"column":42}},"8":{"start":{"line":16,"column":8},"end":{"line":16,"column":29}},"9":{"start":{"line":18,"column":8},"end":{"line":18,"column":35}},"10":{"start":{"line":22,"column":0},"end":{"line":22,"column":34}}},"fnMap":{"0":{"name":"create","decl":{"start":{"line":3,"column":15},"end":{"line":3,"column":21}},"loc":{"start":{"line":3,"column":31},"end":{"line":10,"column":1}},"line":3},"1":{"name":"destroy","decl":{"start":{"line":12,"column":15},"end":{"line":12,"column":22}},"loc":{"start":{"line":12,"column":32},"end":{"line":20,"column":1}},"line":12}},"branchMap":{},"s":{"0":4,"1":0,"2":0,"3":0,"4":0,"5":0,"6":0,"7":0,"8":0,"9":0,"10":4},"f":{"0":0,"1":0},"b":{},"_coverageSchema":"1a1c01bbd47fc00a2c39e90264f33305004495a9","hash":"e292f3de04ecb554a95d7301ab837c0464f2e10e"}
,"/Users/sheenadiep/Desktop/kamkwamba/lap3/project3/YeOldeQuizzBackend/src/controllers/scores.js": {"path":"/Users/sheenadiep/Desktop/kamkwamba/lap3/project3/YeOldeQuizzBackend/src/controllers/scores.js","statementMap":{"0":{"start":{"line":1,"column":14},"end":{"line":1,"column":40}},"1":{"start":{"line":2,"column":16},"end":{"line":2,"column":44}},"2":{"start":{"line":5,"column":4},"end":{"line":10,"column":5}},"3":{"start":{"line":6,"column":23},"end":{"line":6,"column":38}},"4":{"start":{"line":7,"column":8},"end":{"line":7,"column":37}},"5":{"start":{"line":9,"column":8},"end":{"line":9,"column":33}},"6":{"start":{"line":14,"column":4},"end":{"line":23,"column":5}},"7":{"start":{"line":15,"column":26},"end":{"line":15,"column":54}},"8":{"start":{"line":16,"column":15},"end":{"line":16,"column":58}},"9":{"start":{"line":18,"column":23},"end":{"line":18,"column":61}},"10":{"start":{"line":19,"column":8},"end":{"line":19,"column":36}},"11":{"start":{"line":21,"column":8},"end":{"line":21,"column":24}},"12":{"start":{"line":22,"column":8},"end":{"line":22,"column":33}},"13":{"start":{"line":27,"column":4},"end":{"line":32,"column":5}},"14":{"start":{"line":28,"column":23},"end":{"line":28,"column":58}},"15":{"start":{"line":29,"column":8},"end":{"line":29,"column":36}},"16":{"start":{"line":31,"column":8},"end":{"line":31,"column":33}},"17":{"start":{"line":36,"column":4},"end":{"line":41,"column":5}},"18":{"start":{"line":37,"column":23},"end":{"line":37,"column":62}},"19":{"start":{"line":38,"column":8},"end":{"line":38,"column":36}},"20":{"start":{"line":40,"column":8},"end":{"line":40,"column":33}},"21":{"start":{"line":45,"column":4},"end":{"line":55,"column":5}},"22":{"start":{"line":46,"column":26},"end":{"line":46,"column":54}},"23":{"start":{"line":47,"column":15},"end":{"line":47,"column":58}},"24":{"start":{"line":48,"column":24},"end":{"line":48,"column":40}},"25":{"start":{"line":49,"column":25},"end":{"line":49,"column":42}},"26":{"start":{"line":51,"column":25},"end":{"line":51,"column":76}},"27":{"start":{"line":52,"column":8},"end":{"line":52,"column":38}},"28":{"start":{"line":54,"column":8},"end":{"line":54,"column":33}},"29":{"start":{"line":59,"column":4},"end":{"line":65,"column":5}},"30":{"start":{"line":60,"column":22},"end":{"line":60,"column":64}},"31":{"start":{"line":61,"column":21},"end":{"line":61,"column":42}},"32":{"start":{"line":62,"column":8},"end":{"line":62,"column":29}},"33":{"start":{"line":64,"column":8},"end":{"line":64,"column":33}},"34":{"start":{"line":69,"column":4},"end":{"line":74,"column":5}},"35":{"start":{"line":70,"column":22},"end":{"line":70,"column":71}},"36":{"start":{"line":71,"column":8},"end":{"line":71,"column":35}},"37":{"start":{"line":73,"column":8},"end":{"line":73,"column":33}},"38":{"start":{"line":77,"column":0},"end":{"line":77,"column":83}}},"fnMap":{"0":{"name":"index","decl":{"start":{"line":4,"column":15},"end":{"line":4,"column":20}},"loc":{"start":{"line":4,"column":32},"end":{"line":11,"column":1}},"line":4},"1":{"name":"showByUser","decl":{"start":{"line":13,"column":15},"end":{"line":13,"column":25}},"loc":{"start":{"line":13,"column":36},"end":{"line":24,"column":1}},"line":13},"2":{"name":"showById","decl":{"start":{"line":26,"column":15},"end":{"line":26,"column":23}},"loc":{"start":{"line":26,"column":33},"end":{"line":33,"column":1}},"line":26},"3":{"name":"showByGame","decl":{"start":{"line":35,"column":15},"end":{"line":35,"column":25}},"loc":{"start":{"line":35,"column":35},"end":{"line":42,"column":1}},"line":35},"4":{"name":"create","decl":{"start":{"line":44,"column":15},"end":{"line":44,"column":21}},"loc":{"start":{"line":44,"column":31},"end":{"line":56,"column":1}},"line":44},"5":{"name":"destroy","decl":{"start":{"line":58,"column":15},"end":{"line":58,"column":22}},"loc":{"start":{"line":58,"column":32},"end":{"line":66,"column":1}},"line":58},"6":{"name":"update","decl":{"start":{"line":68,"column":15},"end":{"line":68,"column":21}},"loc":{"start":{"line":68,"column":31},"end":{"line":75,"column":1}},"line":68}},"branchMap":{},"s":{"0":4,"1":4,"2":0,"3":0,"4":0,"5":0,"6":0,"7":0,"8":0,"9":0,"10":0,"11":0,"12":0,"13":0,"14":0,"15":0,"16":0,"17":0,"18":0,"19":0,"20":0,"21":0,"22":0,"23":0,"24":0,"25":0,"26":0,"27":0,"28":0,"29":0,"30":0,"31":0,"32":0,"33":0,"34":0,"35":0,"36":0,"37":0,"38":4},"f":{"0":0,"1":0,"2":0,"3":0,"4":0,"5":0,"6":0},"b":{},"_coverageSchema":"1a1c01bbd47fc00a2c39e90264f33305004495a9","hash":"508f6cbf36dd15fa6a09f565fda296855b88fb42"}
,"/Users/sheenadiep/Desktop/kamkwamba/lap3/project3/YeOldeQuizzBackend/src/controllers/users.js": {"path":"/Users/sheenadiep/Desktop/kamkwamba/lap3/project3/YeOldeQuizzBackend/src/controllers/users.js","statementMap":{"0":{"start":{"line":1,"column":15},"end":{"line":1,"column":32}},"1":{"start":{"line":2,"column":13},"end":{"line":2,"column":38}},"2":{"start":{"line":3,"column":16},"end":{"line":3,"column":44}},"3":{"start":{"line":6,"column":1},"end":{"line":14,"column":2}},"4":{"start":{"line":7,"column":16},"end":{"line":7,"column":39}},"5":{"start":{"line":8,"column":15},"end":{"line":8,"column":54}},"6":{"start":{"line":9,"column":15},"end":{"line":9,"column":48}},"7":{"start":{"line":10,"column":2},"end":{"line":10,"column":28}},"8":{"start":{"line":12,"column":2},"end":{"line":12,"column":19}},"9":{"start":{"line":13,"column":2},"end":{"line":13,"column":36}},"10":{"start":{"line":18,"column":1},"end":{"line":24,"column":2}},"11":{"start":{"line":19,"column":15},"end":{"line":19,"column":49}},"12":{"start":{"line":20,"column":2},"end":{"line":20,"column":28}},"13":{"start":{"line":22,"column":2},"end":{"line":22,"column":19}},"14":{"start":{"line":23,"column":2},"end":{"line":23,"column":36}},"15":{"start":{"line":29,"column":1},"end":{"line":46,"column":2}},"16":{"start":{"line":30,"column":15},"end":{"line":30,"column":23}},"17":{"start":{"line":33,"column":15},"end":{"line":33,"column":77}},"18":{"start":{"line":36,"column":2},"end":{"line":36,"column":62}},"19":{"start":{"line":39,"column":17},"end":{"line":39,"column":40}},"20":{"start":{"line":42,"column":2},"end":{"line":42,"column":30}},"21":{"start":{"line":44,"column":2},"end":{"line":44,"column":18}},"22":{"start":{"line":45,"column":2},"end":{"line":45,"column":38}},"23":{"start":{"line":50,"column":1},"end":{"line":75,"column":2}},"24":{"start":{"line":52,"column":33},"end":{"line":52,"column":41}},"25":{"start":{"line":55,"column":15},"end":{"line":55,"column":50}},"26":{"start":{"line":58,"column":24},"end":{"line":58,"column":69}},"27":{"start":{"line":60,"column":2},"end":{"line":71,"column":3}},"28":{"start":{"line":64,"column":22},"end":{"line":64,"column":51}},"29":{"start":{"line":65,"column":3},"end":{"line":65,"column":26}},"30":{"start":{"line":66,"column":3},"end":{"line":68,"column":69}},"31":{"start":{"line":70,"column":3},"end":{"line":70,"column":43}},"32":{"start":{"line":73,"column":2},"end":{"line":73,"column":18}},"33":{"start":{"line":74,"column":2},"end":{"line":74,"column":38}},"34":{"start":{"line":79,"column":1},"end":{"line":86,"column":2}},"35":{"start":{"line":80,"column":18},"end":{"line":80,"column":73}},"36":{"start":{"line":81,"column":15},"end":{"line":81,"column":38}},"37":{"start":{"line":82,"column":2},"end":{"line":82,"column":24}},"38":{"start":{"line":84,"column":2},"end":{"line":84,"column":18}},"39":{"start":{"line":85,"column":2},"end":{"line":85,"column":30}},"40":{"start":{"line":90,"column":0},"end":{"line":90,"column":59}}},"fnMap":{"0":{"name":"show","decl":{"start":{"line":5,"column":15},"end":{"line":5,"column":19}},"loc":{"start":{"line":5,"column":29},"end":{"line":15,"column":1}},"line":5},"1":{"name":"showUser","decl":{"start":{"line":17,"column":15},"end":{"line":17,"column":23}},"loc":{"start":{"line":17,"column":33},"end":{"line":25,"column":1}},"line":17},"2":{"name":"register","decl":{"start":{"line":28,"column":15},"end":{"line":28,"column":23}},"loc":{"start":{"line":28,"column":34},"end":{"line":47,"column":1}},"line":28},"3":{"name":"login","decl":{"start":{"line":49,"column":15},"end":{"line":49,"column":20}},"loc":{"start":{"line":49,"column":31},"end":{"line":76,"column":1}},"line":49},"4":{"name":"logout","decl":{"start":{"line":78,"column":15},"end":{"line":78,"column":21}},"loc":{"start":{"line":78,"column":32},"end":{"line":88,"column":1}},"line":78}},"branchMap":{"0":{"loc":{"start":{"line":60,"column":2},"end":{"line":71,"column":3}},"type":"if","locations":[{"start":{"line":60,"column":2},"end":{"line":71,"column":3}},{"start":{"line":69,"column":9},"end":{"line":71,"column":3}}],"line":60}},"s":{"0":4,"1":4,"2":4,"3":0,"4":0,"5":0,"6":0,"7":0,"8":0,"9":0,"10":0,"11":0,"12":0,"13":0,"14":0,"15":0,"16":0,"17":0,"18":0,"19":0,"20":0,"21":0,"22":0,"23":0,"24":0,"25":0,"26":0,"27":0,"28":0,"29":0,"30":0,"31":0,"32":0,"33":0,"34":0,"35":0,"36":0,"37":0,"38":0,"39":0,"40":4},"f":{"0":0,"1":0,"2":0,"3":0,"4":0},"b":{"0":[0,0]},"_coverageSchema":"1a1c01bbd47fc00a2c39e90264f33305004495a9","hash":"930ffed87937c9a2dd4f970d85b1cddaf554e617"}
,"/Users/sheenadiep/Desktop/kamkwamba/lap3/project3/YeOldeQuizzBackend/src/db/init.js": {"path":"/Users/sheenadiep/Desktop/kamkwamba/lap3/project3/YeOldeQuizzBackend/src/db/init.js","statementMap":{"0":{"start":{"line":1,"column":17},"end":{"line":1,"column":30}},"1":{"start":{"line":2,"column":13},"end":{"line":4,"column":2}},"2":{"start":{"line":6,"column":0},"end":{"line":6,"column":40}},"3":{"start":{"line":8,"column":0},"end":{"line":8,"column":22}}},"fnMap":{},"branchMap":{"0":{"loc":{"start":{"line":3,"column":22},"end":{"line":3,"column":140}},"type":"binary-expr","locations":[{"start":{"line":3,"column":22},"end":{"line":3,"column":40}},{"start":{"line":3,"column":44},"end":{"line":3,"column":140}}],"line":3}},"s":{"0":4,"1":4,"2":4,"3":4},"f":{},"b":{"0":[4,4]},"_coverageSchema":"1a1c01bbd47fc00a2c39e90264f33305004495a9","hash":"94f0a21715a15356ae0ba566284248a091b66bf6"}
,"/Users/sheenadiep/Desktop/kamkwamba/lap3/project3/YeOldeQuizzBackend/src/events/index.js": {"path":"/Users/sheenadiep/Desktop/kamkwamba/lap3/project3/YeOldeQuizzBackend/src/events/index.js","statementMap":{"0":{"start":{"line":1,"column":13},"end":{"line":1,"column":38}},"1":{"start":{"line":2,"column":15},"end":{"line":2,"column":42}},"2":{"start":{"line":4,"column":21},"end":{"line":4,"column":22}},"3":{"start":{"line":5,"column":20},"end":{"line":5,"column":22}},"4":{"start":{"line":7,"column":21},"end":{"line":133,"column":1}},"5":{"start":{"line":8,"column":2},"end":{"line":8,"column":32}},"6":{"start":{"line":10,"column":2},"end":{"line":10,"column":70}},"7":{"start":{"line":10,"column":32},"end":{"line":10,"column":68}},"8":{"start":{"line":12,"column":2},"end":{"line":12,"column":49}},"9":{"start":{"line":12,"column":27},"end":{"line":12,"column":47}},"10":{"start":{"line":14,"column":2},"end":{"line":17,"column":5}},"11":{"start":{"line":16,"column":4},"end":{"line":16,"column":52}},"12":{"start":{"line":19,"column":2},"end":{"line":35,"column":5}},"13":{"start":{"line":20,"column":4},"end":{"line":34,"column":5}},"14":{"start":{"line":21,"column":6},"end":{"line":21,"column":64}},"15":{"start":{"line":22,"column":6},"end":{"line":22,"column":35}},"16":{"start":{"line":23,"column":6},"end":{"line":23,"column":29}},"17":{"start":{"line":24,"column":22},"end":{"line":24,"column":59}},"18":{"start":{"line":25,"column":24},"end":{"line":25,"column":58}},"19":{"start":{"line":25,"column":48},"end":{"line":25,"column":57}},"20":{"start":{"line":27,"column":6},"end":{"line":27,"column":55}},"21":{"start":{"line":28,"column":6},"end":{"line":28,"column":32}},"22":{"start":{"line":30,"column":6},"end":{"line":30,"column":47}},"23":{"start":{"line":32,"column":6},"end":{"line":32,"column":23}},"24":{"start":{"line":33,"column":6},"end":{"line":33,"column":60}},"25":{"start":{"line":37,"column":2},"end":{"line":54,"column":5}},"26":{"start":{"line":38,"column":4},"end":{"line":53,"column":5}},"27":{"start":{"line":39,"column":6},"end":{"line":39,"column":69}},"28":{"start":{"line":40,"column":6},"end":{"line":40,"column":35}},"29":{"start":{"line":41,"column":6},"end":{"line":41,"column":29}},"30":{"start":{"line":42,"column":22},"end":{"line":42,"column":59}},"31":{"start":{"line":43,"column":24},"end":{"line":43,"column":58}},"32":{"start":{"line":43,"column":48},"end":{"line":43,"column":57}},"33":{"start":{"line":44,"column":6},"end":{"line":49,"column":7}},"34":{"start":{"line":45,"column":8},"end":{"line":45,"column":38}},"35":{"start":{"line":46,"column":8},"end":{"line":46,"column":63}},"36":{"start":{"line":48,"column":8},"end":{"line":48,"column":57}},"37":{"start":{"line":51,"column":6},"end":{"line":51,"column":23}},"38":{"start":{"line":52,"column":6},"end":{"line":52,"column":58}},"39":{"start":{"line":56,"column":2},"end":{"line":73,"column":5}},"40":{"start":{"line":57,"column":4},"end":{"line":72,"column":5}},"41":{"start":{"line":58,"column":6},"end":{"line":58,"column":67}},"42":{"start":{"line":59,"column":6},"end":{"line":59,"column":30}},"43":{"start":{"line":60,"column":22},"end":{"line":60,"column":59}},"44":{"start":{"line":61,"column":24},"end":{"line":61,"column":58}},"45":{"start":{"line":61,"column":48},"end":{"line":61,"column":57}},"46":{"start":{"line":63,"column":6},"end":{"line":66,"column":8}},"47":{"start":{"line":68,"column":6},"end":{"line":68,"column":55}},"48":{"start":{"line":70,"column":6},"end":{"line":70,"column":23}},"49":{"start":{"line":71,"column":6},"end":{"line":71,"column":59}},"50":{"start":{"line":75,"column":2},"end":{"line":85,"column":5}},"51":{"start":{"line":77,"column":4},"end":{"line":84,"column":5}},"52":{"start":{"line":78,"column":6},"end":{"line":81,"column":7}},"53":{"start":{"line":79,"column":8},"end":{"line":79,"column":51}},"54":{"start":{"line":80,"column":8},"end":{"line":80,"column":71}},"55":{"start":{"line":83,"column":6},"end":{"line":83,"column":23}},"56":{"start":{"line":87,"column":2},"end":{"line":93,"column":5}},"57":{"start":{"line":88,"column":4},"end":{"line":92,"column":5}},"58":{"start":{"line":89,"column":6},"end":{"line":89,"column":64}},"59":{"start":{"line":91,"column":6},"end":{"line":91,"column":23}},"60":{"start":{"line":95,"column":2},"end":{"line":116,"column":5}},"61":{"start":{"line":96,"column":4},"end":{"line":115,"column":5}},"62":{"start":{"line":97,"column":22},"end":{"line":97,"column":59}},"63":{"start":{"line":98,"column":24},"end":{"line":98,"column":58}},"64":{"start":{"line":98,"column":48},"end":{"line":98,"column":57}},"65":{"start":{"line":99,"column":6},"end":{"line":99,"column":26}},"66":{"start":{"line":100,"column":6},"end":{"line":112,"column":7}},"67":{"start":{"line":101,"column":8},"end":{"line":101,"column":36}},"68":{"start":{"line":102,"column":8},"end":{"line":102,"column":43}},"69":{"start":{"line":103,"column":8},"end":{"line":107,"column":10}},"70":{"start":{"line":109,"column":8},"end":{"line":109,"column":42}},"71":{"start":{"line":110,"column":8},"end":{"line":110,"column":44}},"72":{"start":{"line":111,"column":8},"end":{"line":111,"column":27}},"73":{"start":{"line":114,"column":6},"end":{"line":114,"column":23}},"74":{"start":{"line":135,"column":0},"end":{"line":135,"column":30}}},"fnMap":{"0":{"name":"(anonymous_0)","decl":{"start":{"line":7,"column":21},"end":{"line":7,"column":22}},"loc":{"start":{"line":7,"column":33},"end":{"line":133,"column":1}},"line":7},"1":{"name":"(anonymous_1)","decl":{"start":{"line":10,"column":26},"end":{"line":10,"column":27}},"loc":{"start":{"line":10,"column":32},"end":{"line":10,"column":68}},"line":10},"2":{"name":"(anonymous_2)","decl":{"start":{"line":12,"column":21},"end":{"line":12,"column":22}},"loc":{"start":{"line":12,"column":27},"end":{"line":12,"column":47}},"line":12},"3":{"name":"(anonymous_3)","decl":{"start":{"line":14,"column":24},"end":{"line":14,"column":25}},"loc":{"start":{"line":14,"column":46},"end":{"line":17,"column":3}},"line":14},"4":{"name":"(anonymous_4)","decl":{"start":{"line":19,"column":27},"end":{"line":19,"column":28}},"loc":{"start":{"line":19,"column":76},"end":{"line":35,"column":3}},"line":19},"5":{"name":"(anonymous_5)","decl":{"start":{"line":25,"column":36},"end":{"line":25,"column":37}},"loc":{"start":{"line":25,"column":48},"end":{"line":25,"column":57}},"line":25},"6":{"name":"(anonymous_6)","decl":{"start":{"line":37,"column":25},"end":{"line":37,"column":26}},"loc":{"start":{"line":37,"column":60},"end":{"line":54,"column":3}},"line":37},"7":{"name":"(anonymous_7)","decl":{"start":{"line":43,"column":36},"end":{"line":43,"column":37}},"loc":{"start":{"line":43,"column":48},"end":{"line":43,"column":57}},"line":43},"8":{"name":"(anonymous_8)","decl":{"start":{"line":56,"column":26},"end":{"line":56,"column":27}},"loc":{"start":{"line":56,"column":61},"end":{"line":73,"column":3}},"line":56},"9":{"name":"(anonymous_9)","decl":{"start":{"line":61,"column":36},"end":{"line":61,"column":37}},"loc":{"start":{"line":61,"column":48},"end":{"line":61,"column":57}},"line":61},"10":{"name":"(anonymous_10)","decl":{"start":{"line":75,"column":26},"end":{"line":75,"column":27}},"loc":{"start":{"line":75,"column":45},"end":{"line":85,"column":3}},"line":75},"11":{"name":"(anonymous_11)","decl":{"start":{"line":87,"column":30},"end":{"line":87,"column":31}},"loc":{"start":{"line":87,"column":60},"end":{"line":93,"column":3}},"line":87},"12":{"name":"(anonymous_12)","decl":{"start":{"line":95,"column":29},"end":{"line":95,"column":30}},"loc":{"start":{"line":95,"column":50},"end":{"line":116,"column":3}},"line":95},"13":{"name":"(anonymous_13)","decl":{"start":{"line":98,"column":36},"end":{"line":98,"column":37}},"loc":{"start":{"line":98,"column":48},"end":{"line":98,"column":57}},"line":98}},"branchMap":{"0":{"loc":{"start":{"line":44,"column":6},"end":{"line":49,"column":7}},"type":"if","locations":[{"start":{"line":44,"column":6},"end":{"line":49,"column":7}},{"start":{"line":47,"column":13},"end":{"line":49,"column":7}}],"line":44},"1":{"loc":{"start":{"line":78,"column":6},"end":{"line":81,"column":7}},"type":"if","locations":[{"start":{"line":78,"column":6},"end":{"line":81,"column":7}},{"start":{},"end":{}}],"line":78},"2":{"loc":{"start":{"line":100,"column":6},"end":{"line":112,"column":7}},"type":"if","locations":[{"start":{"line":100,"column":6},"end":{"line":112,"column":7}},{"start":{"line":108,"column":13},"end":{"line":112,"column":7}}],"line":100}},"s":{"0":4,"1":4,"2":4,"3":4,"4":4,"5":0,"6":0,"7":0,"8":0,"9":0,"10":0,"11":0,"12":0,"13":0,"14":0,"15":0,"16":0,"17":0,"18":0,"19":0,"20":0,"21":0,"22":0,"23":0,"24":0,"25":0,"26":0,"27":0,"28":0,"29":0,"30":0,"31":0,"32":0,"33":0,"34":0,"35":0,"36":0,"37":0,"38":0,"39":0,"40":0,"41":0,"42":0,"43":0,"44":0,"45":0,"46":0,"47":0,"48":0,"49":0,"50":0,"51":0,"52":0,"53":0,"54":0,"55":0,"56":0,"57":0,"58":0,"59":0,"60":0,"61":0,"62":0,"63":0,"64":0,"65":0,"66":0,"67":0,"68":0,"69":0,"70":0,"71":0,"72":0,"73":0,"74":4},"f":{"0":0,"1":0,"2":0,"3":0,"4":0,"5":0,"6":0,"7":0,"8":0,"9":0,"10":0,"11":0,"12":0,"13":0},"b":{"0":[0,0],"1":[0,0],"2":[0,0]},"_coverageSchema":"1a1c01bbd47fc00a2c39e90264f33305004495a9","hash":"9aa671f933793035a6a4cb3e5638b354a32a0432"}
,"/Users/sheenadiep/Desktop/kamkwamba/lap3/project3/YeOldeQuizzBackend/src/middleware/auth.js": {"path":"/Users/sheenadiep/Desktop/kamkwamba/lap3/project3/YeOldeQuizzBackend/src/middleware/auth.js","statementMap":{"0":{"start":{"line":1,"column":16},"end":{"line":1,"column":44}},"1":{"start":{"line":4,"column":1},"end":{"line":20,"column":2}},"2":{"start":{"line":6,"column":20},"end":{"line":6,"column":48}},"3":{"start":{"line":7,"column":2},"end":{"line":7,"column":45}},"4":{"start":{"line":8,"column":2},"end":{"line":15,"column":3}},"5":{"start":{"line":9,"column":3},"end":{"line":9,"column":25}},"6":{"start":{"line":10,"column":3},"end":{"line":10,"column":35}},"7":{"start":{"line":13,"column":22},"end":{"line":13,"column":65}},"8":{"start":{"line":14,"column":3},"end":{"line":14,"column":9}},"9":{"start":{"line":17,"column":2},"end":{"line":17,"column":18}},"10":{"start":{"line":19,"column":2},"end":{"line":19,"column":56}},"11":{"start":{"line":23,"column":0},"end":{"line":23,"column":30}}},"fnMap":{"0":{"name":"authenticator","decl":{"start":{"line":3,"column":15},"end":{"line":3,"column":28}},"loc":{"start":{"line":3,"column":45},"end":{"line":21,"column":1}},"line":3}},"branchMap":{"0":{"loc":{"start":{"line":8,"column":2},"end":{"line":15,"column":3}},"type":"if","locations":[{"start":{"line":8,"column":2},"end":{"line":15,"column":3}},{"start":{"line":11,"column":9},"end":{"line":15,"column":3}}],"line":8}},"s":{"0":4,"1":0,"2":0,"3":0,"4":0,"5":0,"6":0,"7":0,"8":0,"9":0,"10":0,"11":4},"f":{"0":0},"b":{"0":[0,0]},"_coverageSchema":"1a1c01bbd47fc00a2c39e90264f33305004495a9","hash":"ab0adec6b1c351da9a046d7c9a18621c95f159d8"}
,"/Users/sheenadiep/Desktop/kamkwamba/lap3/project3/YeOldeQuizzBackend/src/models/Game.js": {"path":"/Users/sheenadiep/Desktop/kamkwamba/lap3/project3/YeOldeQuizzBackend/src/models/Game.js","statementMap":{"0":{"start":{"line":1,"column":11},"end":{"line":1,"column":32}},"1":{"start":{"line":2,"column":14},"end":{"line":2,"column":32}},"2":{"start":{"line":3,"column":14},"end":{"line":3,"column":32}},"3":{"start":{"line":4,"column":21},"end":{"line":4,"column":44}},"4":{"start":{"line":8,"column":2},"end":{"line":8,"column":29}},"5":{"start":{"line":9,"column":2},"end":{"line":9,"column":29}},"6":{"start":{"line":10,"column":2},"end":{"line":10,"column":25}},"7":{"start":{"line":11,"column":2},"end":{"line":11,"column":33}},"8":{"start":{"line":12,"column":2},"end":{"line":12,"column":27}},"9":{"start":{"line":17,"column":2},"end":{"line":26,"column":4}},"10":{"start":{"line":18,"column":3},"end":{"line":25,"column":4}},"11":{"start":{"line":19,"column":21},"end":{"line":19,"column":87}},"12":{"start":{"line":20,"column":18},"end":{"line":20,"column":55}},"13":{"start":{"line":20,"column":43},"end":{"line":20,"column":54}},"14":{"start":{"line":21,"column":4},"end":{"line":21,"column":18}},"15":{"start":{"line":23,"column":4},"end":{"line":23,"column":20}},"16":{"start":{"line":24,"column":4},"end":{"line":24,"column":29}},"17":{"start":{"line":31,"column":2},"end":{"line":44,"column":4}},"18":{"start":{"line":32,"column":3},"end":{"line":43,"column":4}},"19":{"start":{"line":33,"column":19},"end":{"line":36,"column":5}},"20":{"start":{"line":37,"column":15},"end":{"line":37,"column":41}},"21":{"start":{"line":39,"column":4},"end":{"line":39,"column":17}},"22":{"start":{"line":41,"column":4},"end":{"line":41,"column":28}},"23":{"start":{"line":42,"column":4},"end":{"line":42,"column":20}},"24":{"start":{"line":49,"column":17},"end":{"line":49,"column":35}},"25":{"start":{"line":50,"column":2},"end":{"line":71,"column":10}},"26":{"start":{"line":51,"column":3},"end":{"line":70,"column":4}},"27":{"start":{"line":56,"column":8},"end":{"line":56,"column":16}},"28":{"start":{"line":57,"column":22},"end":{"line":57,"column":85}},"29":{"start":{"line":58,"column":19},"end":{"line":61,"column":5}},"30":{"start":{"line":62,"column":18},"end":{"line":62,"column":64}},"31":{"start":{"line":63,"column":4},"end":{"line":63,"column":80}},"32":{"start":{"line":63,"column":42},"end":{"line":63,"column":78}},"33":{"start":{"line":64,"column":16},"end":{"line":64,"column":32}},"34":{"start":{"line":66,"column":16},"end":{"line":66,"column":47}},"35":{"start":{"line":67,"column":16},"end":{"line":67,"column":32}},"36":{"start":{"line":69,"column":4},"end":{"line":69,"column":21}},"37":{"start":{"line":75,"column":2},"end":{"line":82,"column":4}},"38":{"start":{"line":76,"column":3},"end":{"line":81,"column":4}},"39":{"start":{"line":77,"column":19},"end":{"line":77,"column":116}},"40":{"start":{"line":78,"column":4},"end":{"line":78,"column":27}},"41":{"start":{"line":80,"column":4},"end":{"line":80,"column":35}},"42":{"start":{"line":87,"column":2},"end":{"line":101,"column":4}},"43":{"start":{"line":88,"column":3},"end":{"line":100,"column":4}},"44":{"start":{"line":90,"column":19},"end":{"line":90,"column":93}},"45":{"start":{"line":92,"column":20},"end":{"line":92,"column":94}},"46":{"start":{"line":94,"column":20},"end":{"line":94,"column":90}},"47":{"start":{"line":96,"column":4},"end":{"line":96,"column":33}},"48":{"start":{"line":98,"column":4},"end":{"line":98,"column":20}},"49":{"start":{"line":99,"column":4},"end":{"line":99,"column":36}},"50":{"start":{"line":106,"column":8},"end":{"line":114,"column":10}},"51":{"start":{"line":107,"column":12},"end":{"line":113,"column":13}},"52":{"start":{"line":108,"column":16},"end":{"line":108,"column":64}},"53":{"start":{"line":109,"column":16},"end":{"line":109,"column":39}},"54":{"start":{"line":111,"column":16},"end":{"line":111,"column":46}},"55":{"start":{"line":112,"column":16},"end":{"line":112,"column":32}},"56":{"start":{"line":118,"column":0},"end":{"line":118,"column":21}}},"fnMap":{"0":{"name":"(anonymous_0)","decl":{"start":{"line":7,"column":1},"end":{"line":7,"column":2}},"loc":{"start":{"line":7,"column":19},"end":{"line":13,"column":2}},"line":7},"1":{"name":"(anonymous_1)","decl":{"start":{"line":16,"column":1},"end":{"line":16,"column":2}},"loc":{"start":{"line":16,"column":22},"end":{"line":27,"column":2}},"line":16},"2":{"name":"(anonymous_2)","decl":{"start":{"line":17,"column":21},"end":{"line":17,"column":22}},"loc":{"start":{"line":17,"column":48},"end":{"line":26,"column":3}},"line":17},"3":{"name":"(anonymous_3)","decl":{"start":{"line":20,"column":36},"end":{"line":20,"column":37}},"loc":{"start":{"line":20,"column":43},"end":{"line":20,"column":54}},"line":20},"4":{"name":"(anonymous_4)","decl":{"start":{"line":30,"column":1},"end":{"line":30,"column":2}},"loc":{"start":{"line":30,"column":31},"end":{"line":45,"column":2}},"line":30},"5":{"name":"(anonymous_5)","decl":{"start":{"line":31,"column":21},"end":{"line":31,"column":22}},"loc":{"start":{"line":31,"column":48},"end":{"line":44,"column":3}},"line":31},"6":{"name":"(anonymous_6)","decl":{"start":{"line":48,"column":1},"end":{"line":48,"column":2}},"loc":{"start":{"line":48,"column":31},"end":{"line":72,"column":5}},"line":48},"7":{"name":"(anonymous_7)","decl":{"start":{"line":50,"column":21},"end":{"line":50,"column":22}},"loc":{"start":{"line":50,"column":48},"end":{"line":71,"column":9}},"line":50},"8":{"name":"(anonymous_8)","decl":{"start":{"line":63,"column":33},"end":{"line":63,"column":34}},"loc":{"start":{"line":63,"column":42},"end":{"line":63,"column":78}},"line":63},"9":{"name":"(anonymous_9)","decl":{"start":{"line":74,"column":1},"end":{"line":74,"column":2}},"loc":{"start":{"line":74,"column":38},"end":{"line":83,"column":2}},"line":74},"10":{"name":"(anonymous_10)","decl":{"start":{"line":75,"column":21},"end":{"line":75,"column":22}},"loc":{"start":{"line":75,"column":47},"end":{"line":82,"column":3}},"line":75},"11":{"name":"(anonymous_11)","decl":{"start":{"line":86,"column":1},"end":{"line":86,"column":2}},"loc":{"start":{"line":86,"column":11},"end":{"line":102,"column":2}},"line":86},"12":{"name":"(anonymous_12)","decl":{"start":{"line":87,"column":21},"end":{"line":87,"column":22}},"loc":{"start":{"line":87,"column":48},"end":{"line":101,"column":3}},"line":87},"13":{"name":"(anonymous_13)","decl":{"start":{"line":105,"column":1},"end":{"line":105,"column":2}},"loc":{"start":{"line":105,"column":36},"end":{"line":115,"column":5}},"line":105},"14":{"name":"(anonymous_14)","decl":{"start":{"line":106,"column":27},"end":{"line":106,"column":28}},"loc":{"start":{"line":106,"column":54},"end":{"line":114,"column":9}},"line":106}},"branchMap":{},"s":{"0":4,"1":4,"2":4,"3":4,"4":0,"5":0,"6":0,"7":0,"8":0,"9":0,"10":0,"11":0,"12":0,"13":0,"14":0,"15":0,"16":0,"17":0,"18":0,"19":0,"20":0,"21":0,"22":0,"23":0,"24":0,"25":0,"26":0,"27":0,"28":0,"29":0,"30":0,"31":0,"32":0,"33":0,"34":0,"35":0,"36":0,"37":0,"38":0,"39":0,"40":0,"41":0,"42":0,"43":0,"44":0,"45":0,"46":0,"47":0,"48":0,"49":0,"50":0,"51":0,"52":0,"53":0,"54":0,"55":0,"56":4},"f":{"0":0,"1":0,"2":0,"3":0,"4":0,"5":0,"6":0,"7":0,"8":0,"9":0,"10":0,"11":0,"12":0,"13":0,"14":0},"b":{},"_coverageSchema":"1a1c01bbd47fc00a2c39e90264f33305004495a9","hash":"763a65fb79633ae3bba1d017d87e16b3c0b877f2"}
,"/Users/sheenadiep/Desktop/kamkwamba/lap3/project3/YeOldeQuizzBackend/src/models/Round.js": {"path":"/Users/sheenadiep/Desktop/kamkwamba/lap3/project3/YeOldeQuizzBackend/src/models/Round.js","statementMap":{"0":{"start":{"line":1,"column":11},"end":{"line":1,"column":32}},"1":{"start":{"line":2,"column":14},"end":{"line":2,"column":32}},"2":{"start":{"line":6,"column":2},"end":{"line":6,"column":31}},"3":{"start":{"line":7,"column":2},"end":{"line":7,"column":29}},"4":{"start":{"line":8,"column":2},"end":{"line":8,"column":25}},"5":{"start":{"line":13,"column":2},"end":{"line":24,"column":4}},"6":{"start":{"line":14,"column":3},"end":{"line":23,"column":4}},"7":{"start":{"line":15,"column":20},"end":{"line":18,"column":5}},"8":{"start":{"line":19,"column":17},"end":{"line":19,"column":54}},"9":{"start":{"line":19,"column":41},"end":{"line":19,"column":53}},"10":{"start":{"line":20,"column":4},"end":{"line":20,"column":19}},"11":{"start":{"line":22,"column":4},"end":{"line":22,"column":30}},"12":{"start":{"line":29,"column":2},"end":{"line":42,"column":4}},"13":{"start":{"line":30,"column":3},"end":{"line":41,"column":4}},"14":{"start":{"line":31,"column":19},"end":{"line":34,"column":5}},"15":{"start":{"line":35,"column":19},"end":{"line":35,"column":44}},"16":{"start":{"line":36,"column":4},"end":{"line":36,"column":40}},"17":{"start":{"line":37,"column":4},"end":{"line":37,"column":21}},"18":{"start":{"line":39,"column":4},"end":{"line":39,"column":36}},"19":{"start":{"line":40,"column":4},"end":{"line":40,"column":20}},"20":{"start":{"line":47,"column":8},"end":{"line":56,"column":10}},"21":{"start":{"line":48,"column":12},"end":{"line":55,"column":13}},"22":{"start":{"line":49,"column":16},"end":{"line":49,"column":72}},"23":{"start":{"line":51,"column":16},"end":{"line":51,"column":39}},"24":{"start":{"line":53,"column":16},"end":{"line":53,"column":46}},"25":{"start":{"line":54,"column":16},"end":{"line":54,"column":32}},"26":{"start":{"line":60,"column":2},"end":{"line":70,"column":4}},"27":{"start":{"line":61,"column":3},"end":{"line":69,"column":4}},"28":{"start":{"line":62,"column":19},"end":{"line":65,"column":5}},"29":{"start":{"line":66,"column":4},"end":{"line":66,"column":34}},"30":{"start":{"line":68,"column":4},"end":{"line":68,"column":37}},"31":{"start":{"line":75,"column":0},"end":{"line":75,"column":22}}},"fnMap":{"0":{"name":"(anonymous_0)","decl":{"start":{"line":5,"column":1},"end":{"line":5,"column":2}},"loc":{"start":{"line":5,"column":19},"end":{"line":9,"column":2}},"line":5},"1":{"name":"(anonymous_1)","decl":{"start":{"line":12,"column":1},"end":{"line":12,"column":2}},"loc":{"start":{"line":12,"column":24},"end":{"line":25,"column":2}},"line":12},"2":{"name":"(anonymous_2)","decl":{"start":{"line":13,"column":21},"end":{"line":13,"column":22}},"loc":{"start":{"line":13,"column":48},"end":{"line":24,"column":3}},"line":13},"3":{"name":"(anonymous_3)","decl":{"start":{"line":19,"column":36},"end":{"line":19,"column":37}},"loc":{"start":{"line":19,"column":41},"end":{"line":19,"column":53}},"line":19},"4":{"name":"(anonymous_4)","decl":{"start":{"line":28,"column":1},"end":{"line":28,"column":2}},"loc":{"start":{"line":28,"column":41},"end":{"line":43,"column":2}},"line":28},"5":{"name":"(anonymous_5)","decl":{"start":{"line":29,"column":21},"end":{"line":29,"column":22}},"loc":{"start":{"line":29,"column":48},"end":{"line":42,"column":3}},"line":29},"6":{"name":"(anonymous_6)","decl":{"start":{"line":46,"column":1},"end":{"line":46,"column":2}},"loc":{"start":{"line":46,"column":29},"end":{"line":57,"column":5}},"line":46},"7":{"name":"(anonymous_7)","decl":{"start":{"line":47,"column":27},"end":{"line":47,"column":28}},"loc":{"start":{"line":47,"column":54},"end":{"line":56,"column":9}},"line":47},"8":{"name":"(anonymous_8)","decl":{"start":{"line":59,"column":1},"end":{"line":59,"column":2}},"loc":{"start":{"line":59,"column":11},"end":{"line":71,"column":2}},"line":59},"9":{"name":"(anonymous_9)","decl":{"start":{"line":60,"column":21},"end":{"line":60,"column":22}},"loc":{"start":{"line":60,"column":48},"end":{"line":70,"column":3}},"line":60}},"branchMap":{},"s":{"0":4,"1":4,"2":0,"3":0,"4":0,"5":0,"6":0,"7":0,"8":0,"9":0,"10":0,"11":0,"12":0,"13":0,"14":0,"15":0,"16":0,"17":0,"18":0,"19":0,"20":0,"21":0,"22":0,"23":0,"24":0,"25":0,"26":0,"27":0,"28":0,"29":0,"30":0,"31":4},"f":{"0":0,"1":0,"2":0,"3":0,"4":0,"5":0,"6":0,"7":0,"8":0,"9":0},"b":{},"_coverageSchema":"1a1c01bbd47fc00a2c39e90264f33305004495a9","hash":"911e4a617d73989b2fc1222d9d4154608c55a2be"}
,"/Users/sheenadiep/Desktop/kamkwamba/lap3/project3/YeOldeQuizzBackend/src/models/Score.js": {"path":"/Users/sheenadiep/Desktop/kamkwamba/lap3/project3/YeOldeQuizzBackend/src/models/Score.js","statementMap":{"0":{"start":{"line":1,"column":11},"end":{"line":1,"column":32}},"1":{"start":{"line":3,"column":0},"end":{"line":134,"column":1}},"2":{"start":{"line":5,"column":2},"end":{"line":5,"column":31}},"3":{"start":{"line":6,"column":2},"end":{"line":6,"column":25}},"4":{"start":{"line":7,"column":2},"end":{"line":7,"column":31}},"5":{"start":{"line":8,"column":2},"end":{"line":8,"column":29}},"6":{"start":{"line":9,"column":2},"end":{"line":9,"column":29}},"7":{"start":{"line":14,"column":2},"end":{"line":22,"column":4}},"8":{"start":{"line":15,"column":3},"end":{"line":21,"column":4}},"9":{"start":{"line":16,"column":21},"end":{"line":16,"column":60}},"10":{"start":{"line":17,"column":19},"end":{"line":17,"column":57}},"11":{"start":{"line":17,"column":44},"end":{"line":17,"column":56}},"12":{"start":{"line":18,"column":4},"end":{"line":18,"column":19}},"13":{"start":{"line":20,"column":4},"end":{"line":20,"column":30}},"14":{"start":{"line":27,"column":2},"end":{"line":35,"column":4}},"15":{"start":{"line":28,"column":3},"end":{"line":34,"column":4}},"16":{"start":{"line":29,"column":21},"end":{"line":29,"column":80}},"17":{"start":{"line":30,"column":19},"end":{"line":30,"column":57}},"18":{"start":{"line":30,"column":44},"end":{"line":30,"column":56}},"19":{"start":{"line":31,"column":4},"end":{"line":31,"column":19}},"20":{"start":{"line":33,"column":4},"end":{"line":33,"column":30}},"21":{"start":{"line":40,"column":2},"end":{"line":52,"column":4}},"22":{"start":{"line":41,"column":3},"end":{"line":51,"column":4}},"23":{"start":{"line":42,"column":20},"end":{"line":45,"column":5}},"24":{"start":{"line":46,"column":17},"end":{"line":46,"column":54}},"25":{"start":{"line":46,"column":41},"end":{"line":46,"column":53}},"26":{"start":{"line":47,"column":4},"end":{"line":47,"column":19}},"27":{"start":{"line":49,"column":4},"end":{"line":49,"column":20}},"28":{"start":{"line":50,"column":4},"end":{"line":50,"column":30}},"29":{"start":{"line":57,"column":2},"end":{"line":66,"column":4}},"30":{"start":{"line":58,"column":3},"end":{"line":65,"column":4}},"31":{"start":{"line":59,"column":4},"end":{"line":60,"column":9}},"32":{"start":{"line":61,"column":17},"end":{"line":61,"column":54}},"33":{"start":{"line":61,"column":41},"end":{"line":61,"column":53}},"34":{"start":{"line":62,"column":4},"end":{"line":62,"column":19}},"35":{"start":{"line":64,"column":4},"end":{"line":64,"column":30}},"36":{"start":{"line":71,"column":2},"end":{"line":86,"column":4}},"37":{"start":{"line":72,"column":3},"end":{"line":85,"column":4}},"38":{"start":{"line":74,"column":20},"end":{"line":77,"column":5}},"39":{"start":{"line":79,"column":19},"end":{"line":79,"column":47}},"40":{"start":{"line":81,"column":4},"end":{"line":81,"column":21}},"41":{"start":{"line":83,"column":4},"end":{"line":83,"column":20}},"42":{"start":{"line":84,"column":4},"end":{"line":84,"column":40}},"43":{"start":{"line":90,"column":2},"end":{"line":98,"column":4}},"44":{"start":{"line":91,"column":3},"end":{"line":97,"column":4}},"45":{"start":{"line":92,"column":20},"end":{"line":92,"column":91}},"46":{"start":{"line":93,"column":21},"end":{"line":93,"column":49}},"47":{"start":{"line":94,"column":4},"end":{"line":94,"column":24}},"48":{"start":{"line":96,"column":4},"end":{"line":96,"column":69}},"49":{"start":{"line":103,"column":2},"end":{"line":116,"column":4}},"50":{"start":{"line":104,"column":3},"end":{"line":115,"column":4}},"51":{"start":{"line":106,"column":17},"end":{"line":109,"column":5}},"52":{"start":{"line":110,"column":4},"end":{"line":110,"column":31}},"53":{"start":{"line":111,"column":4},"end":{"line":111,"column":27}},"54":{"start":{"line":113,"column":4},"end":{"line":113,"column":20}},"55":{"start":{"line":114,"column":4},"end":{"line":114,"column":36}},"56":{"start":{"line":121,"column":2},"end":{"line":132,"column":4}},"57":{"start":{"line":122,"column":3},"end":{"line":131,"column":4}},"58":{"start":{"line":123,"column":4},"end":{"line":123,"column":29}},"59":{"start":{"line":124,"column":19},"end":{"line":127,"column":5}},"60":{"start":{"line":128,"column":4},"end":{"line":128,"column":34}},"61":{"start":{"line":130,"column":4},"end":{"line":130,"column":37}}},"fnMap":{"0":{"name":"(anonymous_0)","decl":{"start":{"line":4,"column":1},"end":{"line":4,"column":2}},"loc":{"start":{"line":4,"column":19},"end":{"line":10,"column":2}},"line":4},"1":{"name":"(anonymous_1)","decl":{"start":{"line":13,"column":1},"end":{"line":13,"column":2}},"loc":{"start":{"line":13,"column":18},"end":{"line":23,"column":2}},"line":13},"2":{"name":"(anonymous_2)","decl":{"start":{"line":14,"column":21},"end":{"line":14,"column":22}},"loc":{"start":{"line":14,"column":48},"end":{"line":22,"column":3}},"line":14},"3":{"name":"(anonymous_3)","decl":{"start":{"line":17,"column":37},"end":{"line":17,"column":38}},"loc":{"start":{"line":17,"column":44},"end":{"line":17,"column":56}},"line":17},"4":{"name":"(anonymous_4)","decl":{"start":{"line":26,"column":1},"end":{"line":26,"column":2}},"loc":{"start":{"line":26,"column":25},"end":{"line":36,"column":2}},"line":26},"5":{"name":"(anonymous_5)","decl":{"start":{"line":27,"column":21},"end":{"line":27,"column":22}},"loc":{"start":{"line":27,"column":48},"end":{"line":35,"column":3}},"line":27},"6":{"name":"(anonymous_6)","decl":{"start":{"line":30,"column":37},"end":{"line":30,"column":38}},"loc":{"start":{"line":30,"column":44},"end":{"line":30,"column":56}},"line":30},"7":{"name":"(anonymous_7)","decl":{"start":{"line":39,"column":1},"end":{"line":39,"column":2}},"loc":{"start":{"line":39,"column":24},"end":{"line":53,"column":2}},"line":39},"8":{"name":"(anonymous_8)","decl":{"start":{"line":40,"column":21},"end":{"line":40,"column":22}},"loc":{"start":{"line":40,"column":48},"end":{"line":52,"column":3}},"line":40},"9":{"name":"(anonymous_9)","decl":{"start":{"line":46,"column":36},"end":{"line":46,"column":37}},"loc":{"start":{"line":46,"column":41},"end":{"line":46,"column":53}},"line":46},"10":{"name":"(anonymous_10)","decl":{"start":{"line":56,"column":1},"end":{"line":56,"column":2}},"loc":{"start":{"line":56,"column":24},"end":{"line":67,"column":2}},"line":56},"11":{"name":"(anonymous_11)","decl":{"start":{"line":57,"column":21},"end":{"line":57,"column":22}},"loc":{"start":{"line":57,"column":48},"end":{"line":66,"column":3}},"line":57},"12":{"name":"(anonymous_12)","decl":{"start":{"line":61,"column":36},"end":{"line":61,"column":37}},"loc":{"start":{"line":61,"column":41},"end":{"line":61,"column":53}},"line":61},"13":{"name":"(anonymous_13)","decl":{"start":{"line":70,"column":1},"end":{"line":70,"column":2}},"loc":{"start":{"line":70,"column":43},"end":{"line":87,"column":2}},"line":70},"14":{"name":"(anonymous_14)","decl":{"start":{"line":71,"column":21},"end":{"line":71,"column":22}},"loc":{"start":{"line":71,"column":48},"end":{"line":86,"column":3}},"line":71},"15":{"name":"(anonymous_15)","decl":{"start":{"line":89,"column":1},"end":{"line":89,"column":2}},"loc":{"start":{"line":89,"column":31},"end":{"line":99,"column":2}},"line":89},"16":{"name":"(anonymous_16)","decl":{"start":{"line":90,"column":21},"end":{"line":90,"column":22}},"loc":{"start":{"line":90,"column":48},"end":{"line":98,"column":3}},"line":90},"17":{"name":"(anonymous_17)","decl":{"start":{"line":102,"column":1},"end":{"line":102,"column":2}},"loc":{"start":{"line":102,"column":26},"end":{"line":117,"column":2}},"line":102},"18":{"name":"(anonymous_18)","decl":{"start":{"line":103,"column":21},"end":{"line":103,"column":22}},"loc":{"start":{"line":103,"column":48},"end":{"line":116,"column":3}},"line":103},"19":{"name":"(anonymous_19)","decl":{"start":{"line":120,"column":1},"end":{"line":120,"column":2}},"loc":{"start":{"line":120,"column":11},"end":{"line":133,"column":2}},"line":120},"20":{"name":"(anonymous_20)","decl":{"start":{"line":121,"column":21},"end":{"line":121,"column":22}},"loc":{"start":{"line":121,"column":48},"end":{"line":132,"column":3}},"line":121}},"branchMap":{},"s":{"0":4,"1":4,"2":0,"3":0,"4":0,"5":0,"6":0,"7":0,"8":0,"9":0,"10":0,"11":0,"12":0,"13":0,"14":0,"15":0,"16":0,"17":0,"18":0,"19":0,"20":0,"21":0,"22":0,"23":0,"24":0,"25":0,"26":0,"27":0,"28":0,"29":0,"30":0,"31":0,"32":0,"33":0,"34":0,"35":0,"36":0,"37":0,"38":0,"39":0,"40":0,"41":0,"42":0,"43":0,"44":0,"45":0,"46":0,"47":0,"48":0,"49":0,"50":0,"51":0,"52":0,"53":0,"54":0,"55":0,"56":0,"57":0,"58":0,"59":0,"60":0,"61":0},"f":{"0":0,"1":0,"2":0,"3":0,"4":0,"5":0,"6":0,"7":0,"8":0,"9":0,"10":0,"11":0,"12":0,"13":0,"14":0,"15":0,"16":0,"17":0,"18":0,"19":0,"20":0},"b":{},"_coverageSchema":"1a1c01bbd47fc00a2c39e90264f33305004495a9","hash":"926b2ef1eaded67985e123e909cb8dd258c02743"}
,"/Users/sheenadiep/Desktop/kamkwamba/lap3/project3/YeOldeQuizzBackend/src/models/Session.js": {"path":"/Users/sheenadiep/Desktop/kamkwamba/lap3/project3/YeOldeQuizzBackend/src/models/Session.js","statementMap":{"0":{"start":{"line":1,"column":11},"end":{"line":1,"column":32}},"1":{"start":{"line":2,"column":23},"end":{"line":2,"column":38}},"2":{"start":{"line":6,"column":2},"end":{"line":6,"column":30}},"3":{"start":{"line":7,"column":2},"end":{"line":7,"column":36}},"4":{"start":{"line":8,"column":2},"end":{"line":8,"column":24}},"5":{"start":{"line":12,"column":2},"end":{"line":27,"column":4}},"6":{"start":{"line":13,"column":3},"end":{"line":26,"column":4}},"7":{"start":{"line":14,"column":18},"end":{"line":14,"column":43}},"8":{"start":{"line":16,"column":19},"end":{"line":19,"column":5}},"9":{"start":{"line":21,"column":21},"end":{"line":21,"column":50}},"10":{"start":{"line":22,"column":4},"end":{"line":22,"column":23}},"11":{"start":{"line":24,"column":4},"end":{"line":24,"column":42}},"12":{"start":{"line":25,"column":4},"end":{"line":25,"column":20}},"13":{"start":{"line":50,"column":2},"end":{"line":65,"column":4}},"14":{"start":{"line":51,"column":3},"end":{"line":64,"column":4}},"15":{"start":{"line":52,"column":19},"end":{"line":55,"column":5}},"16":{"start":{"line":56,"column":4},"end":{"line":58,"column":5}},"17":{"start":{"line":57,"column":5},"end":{"line":57,"column":49}},"18":{"start":{"line":59,"column":18},"end":{"line":59,"column":47}},"19":{"start":{"line":60,"column":4},"end":{"line":60,"column":20}},"20":{"start":{"line":62,"column":4},"end":{"line":62,"column":31}},"21":{"start":{"line":63,"column":4},"end":{"line":63,"column":20}},"22":{"start":{"line":69,"column":2},"end":{"line":80,"column":4}},"23":{"start":{"line":70,"column":3},"end":{"line":79,"column":4}},"24":{"start":{"line":71,"column":19},"end":{"line":74,"column":5}},"25":{"start":{"line":75,"column":4},"end":{"line":75,"column":30}},"26":{"start":{"line":77,"column":4},"end":{"line":77,"column":38}},"27":{"start":{"line":78,"column":4},"end":{"line":78,"column":20}},"28":{"start":{"line":84,"column":0},"end":{"line":84,"column":24}}},"fnMap":{"0":{"name":"(anonymous_0)","decl":{"start":{"line":5,"column":1},"end":{"line":5,"column":2}},"loc":{"start":{"line":5,"column":53},"end":{"line":9,"column":2}},"line":5},"1":{"name":"(anonymous_1)","decl":{"start":{"line":11,"column":1},"end":{"line":11,"column":2}},"loc":{"start":{"line":11,"column":30},"end":{"line":28,"column":2}},"line":11},"2":{"name":"(anonymous_2)","decl":{"start":{"line":12,"column":21},"end":{"line":12,"column":22}},"loc":{"start":{"line":12,"column":48},"end":{"line":27,"column":3}},"line":12},"3":{"name":"(anonymous_3)","decl":{"start":{"line":49,"column":1},"end":{"line":49,"column":2}},"loc":{"start":{"line":49,"column":40},"end":{"line":66,"column":2}},"line":49},"4":{"name":"(anonymous_4)","decl":{"start":{"line":50,"column":21},"end":{"line":50,"column":22}},"loc":{"start":{"line":50,"column":48},"end":{"line":65,"column":3}},"line":50},"5":{"name":"(anonymous_5)","decl":{"start":{"line":68,"column":1},"end":{"line":68,"column":2}},"loc":{"start":{"line":68,"column":23},"end":{"line":81,"column":2}},"line":68},"6":{"name":"(anonymous_6)","decl":{"start":{"line":69,"column":21},"end":{"line":69,"column":22}},"loc":{"start":{"line":69,"column":48},"end":{"line":80,"column":3}},"line":69}},"branchMap":{"0":{"loc":{"start":{"line":56,"column":4},"end":{"line":58,"column":5}},"type":"if","locations":[{"start":{"line":56,"column":4},"end":{"line":58,"column":5}},{"start":{},"end":{}}],"line":56}},"s":{"0":4,"1":4,"2":0,"3":0,"4":0,"5":0,"6":0,"7":0,"8":0,"9":0,"10":0,"11":0,"12":0,"13":0,"14":0,"15":0,"16":0,"17":0,"18":0,"19":0,"20":0,"21":0,"22":0,"23":0,"24":0,"25":0,"26":0,"27":0,"28":4},"f":{"0":0,"1":0,"2":0,"3":0,"4":0,"5":0,"6":0},"b":{"0":[0,0]},"_coverageSchema":"1a1c01bbd47fc00a2c39e90264f33305004495a9","hash":"65abbe9d759d0dcd9b691dca8c7090d0d2caf46b"}
,"/Users/sheenadiep/Desktop/kamkwamba/lap3/project3/YeOldeQuizzBackend/src/models/User.js": {"path":"/Users/sheenadiep/Desktop/kamkwamba/lap3/project3/YeOldeQuizzBackend/src/models/User.js","statementMap":{"0":{"start":{"line":1,"column":11},"end":{"line":1,"column":32}},"1":{"start":{"line":6,"column":8},"end":{"line":6,"column":26}},"2":{"start":{"line":7,"column":8},"end":{"line":7,"column":30}},"3":{"start":{"line":8,"column":8},"end":{"line":8,"column":38}},"4":{"start":{"line":9,"column":8},"end":{"line":9,"column":43}},"5":{"start":{"line":13,"column":8},"end":{"line":25,"column":10}},"6":{"start":{"line":14,"column":12},"end":{"line":24,"column":13}},"7":{"start":{"line":15,"column":33},"end":{"line":15,"column":95}},"8":{"start":{"line":16,"column":16},"end":{"line":18,"column":17}},"9":{"start":{"line":17,"column":20},"end":{"line":17,"column":61}},"10":{"start":{"line":19,"column":28},"end":{"line":19,"column":54}},"11":{"start":{"line":20,"column":16},"end":{"line":20,"column":31}},"12":{"start":{"line":22,"column":16},"end":{"line":22,"column":41}},"13":{"start":{"line":23,"column":16},"end":{"line":23,"column":32}},"14":{"start":{"line":30,"column":8},"end":{"line":43,"column":10}},"15":{"start":{"line":31,"column":12},"end":{"line":42,"column":13}},"16":{"start":{"line":33,"column":33},"end":{"line":33,"column":102}},"17":{"start":{"line":34,"column":16},"end":{"line":36,"column":17}},"18":{"start":{"line":35,"column":20},"end":{"line":35,"column":61}},"19":{"start":{"line":37,"column":28},"end":{"line":37,"column":54}},"20":{"start":{"line":38,"column":16},"end":{"line":38,"column":30}},"21":{"start":{"line":40,"column":16},"end":{"line":40,"column":41}},"22":{"start":{"line":41,"column":16},"end":{"line":41,"column":33}},"23":{"start":{"line":48,"column":8},"end":{"line":61,"column":10}},"24":{"start":{"line":49,"column":12},"end":{"line":60,"column":13}},"25":{"start":{"line":50,"column":47},"end":{"line":50,"column":51}},"26":{"start":{"line":52,"column":31},"end":{"line":53,"column":37}},"27":{"start":{"line":54,"column":30},"end":{"line":54,"column":54}},"28":{"start":{"line":55,"column":32},"end":{"line":55,"column":58}},"29":{"start":{"line":56,"column":16},"end":{"line":56,"column":33}},"30":{"start":{"line":58,"column":16},"end":{"line":58,"column":51}},"31":{"start":{"line":59,"column":16},"end":{"line":59,"column":33}},"32":{"start":{"line":66,"column":0},"end":{"line":66,"column":22}}},"fnMap":{"0":{"name":"(anonymous_0)","decl":{"start":{"line":5,"column":4},"end":{"line":5,"column":5}},"loc":{"start":{"line":5,"column":69},"end":{"line":10,"column":5}},"line":5},"1":{"name":"(anonymous_1)","decl":{"start":{"line":12,"column":4},"end":{"line":12,"column":5}},"loc":{"start":{"line":12,"column":30},"end":{"line":27,"column":5}},"line":12},"2":{"name":"(anonymous_2)","decl":{"start":{"line":13,"column":28},"end":{"line":13,"column":29}},"loc":{"start":{"line":13,"column":55},"end":{"line":25,"column":9}},"line":13},"3":{"name":"(anonymous_3)","decl":{"start":{"line":29,"column":4},"end":{"line":29,"column":5}},"loc":{"start":{"line":29,"column":42},"end":{"line":45,"column":5}},"line":29},"4":{"name":"(anonymous_4)","decl":{"start":{"line":30,"column":28},"end":{"line":30,"column":29}},"loc":{"start":{"line":30,"column":55},"end":{"line":43,"column":9}},"line":30},"5":{"name":"(anonymous_5)","decl":{"start":{"line":47,"column":4},"end":{"line":47,"column":5}},"loc":{"start":{"line":47,"column":30},"end":{"line":62,"column":5}},"line":47},"6":{"name":"(anonymous_6)","decl":{"start":{"line":48,"column":28},"end":{"line":48,"column":29}},"loc":{"start":{"line":48,"column":55},"end":{"line":61,"column":9}},"line":48}},"branchMap":{"0":{"loc":{"start":{"line":16,"column":16},"end":{"line":18,"column":17}},"type":"if","locations":[{"start":{"line":16,"column":16},"end":{"line":18,"column":17}},{"start":{},"end":{}}],"line":16},"1":{"loc":{"start":{"line":34,"column":16},"end":{"line":36,"column":17}},"type":"if","locations":[{"start":{"line":34,"column":16},"end":{"line":36,"column":17}},{"start":{},"end":{}}],"line":34}},"s":{"0":4,"1":0,"2":0,"3":0,"4":0,"5":0,"6":0,"7":0,"8":0,"9":0,"10":0,"11":0,"12":0,"13":0,"14":0,"15":0,"16":0,"17":0,"18":0,"19":0,"20":0,"21":0,"22":0,"23":0,"24":0,"25":0,"26":0,"27":0,"28":0,"29":0,"30":0,"31":0,"32":4},"f":{"0":0,"1":0,"2":0,"3":0,"4":0,"5":0,"6":0},"b":{"0":[0,0],"1":[0,0]},"_coverageSchema":"1a1c01bbd47fc00a2c39e90264f33305004495a9","hash":"0f4f593f03d9880550203ab3e686390e206caf8c"}
,"/Users/sheenadiep/Desktop/kamkwamba/lap3/project3/YeOldeQuizzBackend/src/routers/games.js": {"path":"/Users/sheenadiep/Desktop/kamkwamba/lap3/project3/YeOldeQuizzBackend/src/routers/games.js","statementMap":{"0":{"start":{"line":1,"column":16},"end":{"line":1,"column":34}},"1":{"start":{"line":2,"column":20},"end":{"line":2,"column":36}},"2":{"start":{"line":3,"column":24},"end":{"line":3,"column":55}},"3":{"start":{"line":4,"column":22},"end":{"line":4,"column":51}},"4":{"start":{"line":6,"column":0},"end":{"line":6,"column":43}},"5":{"start":{"line":7,"column":0},"end":{"line":7,"column":45}},"6":{"start":{"line":8,"column":0},"end":{"line":8,"column":45}},"7":{"start":{"line":9,"column":0},"end":{"line":9,"column":51}},"8":{"start":{"line":10,"column":0},"end":{"line":10,"column":47}},"9":{"start":{"line":13,"column":0},"end":{"line":13,"column":28}}},"fnMap":{},"branchMap":{},"s":{"0":4,"1":4,"2":4,"3":4,"4":4,"5":4,"6":4,"7":4,"8":4,"9":4},"f":{},"b":{},"_coverageSchema":"1a1c01bbd47fc00a2c39e90264f33305004495a9","hash":"b87b84985e4a80caace2106d2140ad63a3606ea4"}
,"/Users/sheenadiep/Desktop/kamkwamba/lap3/project3/YeOldeQuizzBackend/src/routers/rounds.js": {"path":"/Users/sheenadiep/Desktop/kamkwamba/lap3/project3/YeOldeQuizzBackend/src/routers/rounds.js","statementMap":{"0":{"start":{"line":1,"column":16},"end":{"line":1,"column":34}},"1":{"start":{"line":2,"column":21},"end":{"line":2,"column":37}},"2":{"start":{"line":3,"column":25},"end":{"line":3,"column":57}},"3":{"start":{"line":4,"column":22},"end":{"line":4,"column":51}},"4":{"start":{"line":6,"column":0},"end":{"line":6,"column":47}},"5":{"start":{"line":7,"column":0},"end":{"line":7,"column":53}},"6":{"start":{"line":9,"column":0},"end":{"line":9,"column":30}}},"fnMap":{},"branchMap":{},"s":{"0":4,"1":4,"2":4,"3":4,"4":4,"5":4,"6":4},"f":{},"b":{},"_coverageSchema":"1a1c01bbd47fc00a2c39e90264f33305004495a9","hash":"54cbf3835d61c61777bb916d17a44cc1c1ca9e9b"}
,"/Users/sheenadiep/Desktop/kamkwamba/lap3/project3/YeOldeQuizzBackend/src/routers/scores.js": {"path":"/Users/sheenadiep/Desktop/kamkwamba/lap3/project3/YeOldeQuizzBackend/src/routers/scores.js","statementMap":{"0":{"start":{"line":1,"column":16},"end":{"line":1,"column":34}},"1":{"start":{"line":2,"column":21},"end":{"line":2,"column":37}},"2":{"start":{"line":3,"column":25},"end":{"line":3,"column":57}},"3":{"start":{"line":4,"column":22},"end":{"line":4,"column":51}},"4":{"start":{"line":6,"column":0},"end":{"line":6,"column":45}},"5":{"start":{"line":7,"column":0},"end":{"line":7,"column":59}},"6":{"start":{"line":8,"column":0},"end":{"line":8,"column":58}},"7":{"start":{"line":9,"column":0},"end":{"line":9,"column":51}},"8":{"start":{"line":10,"column":0},"end":{"line":10,"column":47}},"9":{"start":{"line":11,"column":0},"end":{"line":11,"column":49}},"10":{"start":{"line":12,"column":0},"end":{"line":12,"column":53}},"11":{"start":{"line":15,"column":0},"end":{"line":15,"column":29}}},"fnMap":{},"branchMap":{},"s":{"0":4,"1":4,"2":4,"3":4,"4":4,"5":4,"6":4,"7":4,"8":4,"9":4,"10":4,"11":4},"f":{},"b":{},"_coverageSchema":"1a1c01bbd47fc00a2c39e90264f33305004495a9","hash":"1cac582081254c8f4e9e9306398bd63591413aff"}
,"/Users/sheenadiep/Desktop/kamkwamba/lap3/project3/YeOldeQuizzBackend/src/routers/users.js": {"path":"/Users/sheenadiep/Desktop/kamkwamba/lap3/project3/YeOldeQuizzBackend/src/routers/users.js","statementMap":{"0":{"start":{"line":1,"column":19},"end":{"line":1,"column":37}},"1":{"start":{"line":2,"column":23},"end":{"line":2,"column":54}},"2":{"start":{"line":4,"column":19},"end":{"line":4,"column":27}},"3":{"start":{"line":6,"column":0},"end":{"line":6,"column":54}},"4":{"start":{"line":7,"column":0},"end":{"line":7,"column":53}},"5":{"start":{"line":8,"column":0},"end":{"line":8,"column":54}},"6":{"start":{"line":9,"column":0},"end":{"line":9,"column":48}},"7":{"start":{"line":10,"column":0},"end":{"line":10,"column":52}},"8":{"start":{"line":12,"column":0},"end":{"line":12,"column":28}}},"fnMap":{},"branchMap":{},"s":{"0":4,"1":4,"2":4,"3":4,"4":4,"5":4,"6":4,"7":4,"8":4},"f":{},"b":{},"_coverageSchema":"1a1c01bbd47fc00a2c39e90264f33305004495a9","hash":"cd7dbb113a29ba25eaf550c53c60b2fc4c05ecf7"}
}
