TN:
SF:app.js
FN:19,(anonymous_0)
FN:21,(anonymous_1)
FNF:2
FNH:0
FNDA:0,(anonymous_0)
FNDA:0,(anonymous_1)
DA:1,1
DA:2,1
DA:3,1
DA:4,1
DA:6,1
DA:7,1
DA:8,1
DA:9,1
DA:11,1
DA:12,1
DA:14,1
DA:15,1
DA:16,1
DA:17,1
DA:19,1
DA:21,1
DA:23,1
LF:17
LH:17
BRF:0
BRH:0
end_of_record
TN:
SF:server_socket.js
FNF:0
FNH:0
DA:1,1
DA:2,1
DA:3,1
DA:4,1
DA:5,1
DA:12,1
LF:6
LH:6
BRF:0
BRH:0
end_of_record
TN:
SF:controllers/games.js
FN:5,index
FN:16,show
FN:25,create
FN:36,destroy
FN:47,update
FNF:5
FNH:4
FNDA:1,index
FNDA:1,show
FNDA:1,create
FNDA:1,destroy
FNDA:0,update
DA:1,1
DA:2,1
DA:3,1
DA:6,1
DA:7,1
DA:8,1
DA:9,1
DA:10,1
DA:12,0
DA:17,1
DA:18,1
DA:19,1
DA:21,0
DA:26,1
DA:27,1
DA:28,1
DA:29,1
DA:30,1
DA:32,0
DA:37,1
DA:38,1
DA:40,1
DA:41,1
DA:43,0
DA:48,0
DA:49,0
DA:50,0
DA:52,0
DA:53,0
DA:57,1
LF:30
LH:21
BRF:0
BRH:0
end_of_record
TN:
SF:controllers/rounds.js
FN:3,getRoundIDs
FN:12,create
FN:21,destroy
FNF:3
FNH:0
FNDA:0,getRoundIDs
FNDA:0,create
FNDA:0,destroy
DA:1,1
DA:4,0
DA:5,0
DA:6,0
DA:8,0
DA:13,0
DA:14,0
DA:15,0
DA:17,0
DA:22,0
DA:23,0
DA:24,0
DA:25,0
DA:27,0
DA:31,1
LF:15
LH:2
BRF:0
BRH:0
end_of_record
TN:
SF:controllers/scores.js
FN:4,index
FN:13,showByUser
FN:25,showByGame
FN:34,create
FN:48,destroy
FN:58,update
FNF:6
FNH:2
FNDA:2,index
FNDA:0,showByUser
FNDA:0,showByGame
FNDA:0,create
FNDA:0,destroy
FNDA:1,update
DA:1,1
DA:2,1
DA:5,2
DA:6,2
DA:7,2
DA:9,0
DA:14,0
DA:15,0
DA:16,0
DA:17,0
DA:18,0
DA:20,0
DA:21,0
DA:26,0
DA:27,0
DA:28,0
DA:30,0
DA:35,0
DA:36,0
DA:37,0
DA:38,0
DA:39,0
DA:41,0
DA:42,0
DA:44,0
DA:49,0
DA:50,0
DA:51,0
DA:52,0
DA:54,0
DA:59,1
DA:60,1
DA:61,1
DA:62,0
DA:67,0
DA:69,1
DA:73,1
LF:37
LH:10
BRF:0
BRH:0
end_of_record
TN:
SF:controllers/users.js
FN:5,show
FN:17,findUserId
FN:28,showUser
FN:38,register
FN:59,login
FN:88,logout
FN:99,update
FNF:7
FNH:3
FNDA:1,show
FNDA:0,findUserId
FNDA:0,showUser
FNDA:1,register
FNDA:1,login
FNDA:0,logout
FNDA:0,update
DA:1,1
DA:2,1
DA:3,1
DA:6,1
DA:7,1
DA:8,1
DA:9,1
DA:10,1
DA:12,0
DA:13,0
DA:18,0
DA:19,0
DA:20,0
DA:21,0
DA:23,0
DA:24,0
DA:29,0
DA:30,0
DA:31,0
DA:33,0
DA:34,0
DA:39,1
DA:40,1
DA:43,1
DA:46,1
DA:49,1
DA:52,1
DA:54,0
DA:55,0
DA:60,1
DA:62,1
DA:65,1
DA:68,1
DA:70,1
DA:74,1
DA:75,1
DA:76,1
DA:80,0
DA:83,0
DA:84,0
DA:89,0
DA:90,0
DA:91,0
DA:92,0
DA:94,0
DA:95,0
DA:100,0
DA:101,0
DA:102,0
DA:103,0
DA:104,0
DA:106,0
DA:110,1
LF:53
LH:23
BRDA:70,0,0,1
BRDA:70,0,1,0
BRF:2
BRH:1
end_of_record
TN:
SF:db/init.js
FNF:0
FNH:0
DA:1,1
DA:2,1
DA:6,1
DA:8,1
LF:4
LH:4
BRDA:3,0,0,1
BRDA:3,0,1,1
BRF:2
BRH:2
end_of_record
TN:
SF:events/index.js
FN:11,(anonymous_0)
FN:14,(anonymous_1)
FN:16,(anonymous_2)
FN:18,(anonymous_3)
FN:23,(anonymous_4)
FN:42,(anonymous_5)
FN:48,(anonymous_6)
FN:62,(anonymous_7)
FN:67,(anonymous_8)
FN:86,(anonymous_9)
FN:98,(anonymous_10)
FN:106,(anonymous_11)
FN:110,(anonymous_12)
FN:132,(anonymous_13)
FN:140,(anonymous_14)
FN:144,(anonymous_15)
FN:164,(anonymous_16)
FN:175,(anonymous_17)
FN:184,(anonymous_18)
FNF:19
FNH:0
FNDA:0,(anonymous_0)
FNDA:0,(anonymous_1)
FNDA:0,(anonymous_2)
FNDA:0,(anonymous_3)
FNDA:0,(anonymous_4)
FNDA:0,(anonymous_5)
FNDA:0,(anonymous_6)
FNDA:0,(anonymous_7)
FNDA:0,(anonymous_8)
FNDA:0,(anonymous_9)
FNDA:0,(anonymous_10)
FNDA:0,(anonymous_11)
FNDA:0,(anonymous_12)
FNDA:0,(anonymous_13)
FNDA:0,(anonymous_14)
FNDA:0,(anonymous_15)
FNDA:0,(anonymous_16)
FNDA:0,(anonymous_17)
FNDA:0,(anonymous_18)
DA:1,1
DA:2,1
DA:4,1
DA:5,1
DA:6,1
DA:7,1
DA:8,1
DA:9,1
DA:11,1
DA:12,0
DA:14,0
DA:16,0
DA:18,0
DA:20,0
DA:23,0
DA:24,0
DA:25,0
DA:26,0
DA:30,0
DA:32,0
DA:33,0
DA:35,0
DA:37,0
DA:38,0
DA:42,0
DA:43,0
DA:44,0
DA:45,0
DA:47,0
DA:48,0
DA:49,0
DA:50,0
DA:51,0
DA:53,0
DA:54,0
DA:57,0
DA:58,0
DA:62,0
DA:63,0
DA:64,0
DA:65,0
DA:66,0
DA:67,0
DA:70,0
DA:71,0
DA:72,0
DA:74,0
DA:79,0
DA:81,0
DA:82,0
DA:86,0
DA:88,0
DA:89,0
DA:90,0
DA:91,0
DA:94,0
DA:98,0
DA:99,0
DA:100,0
DA:102,0
DA:106,0
DA:107,0
DA:108,0
DA:109,0
DA:110,0
DA:111,0
DA:112,0
DA:113,0
DA:114,0
DA:115,0
DA:116,0
DA:117,0
DA:118,0
DA:122,0
DA:123,0
DA:124,0
DA:125,0
DA:128,0
DA:132,0
DA:133,0
DA:134,0
DA:136,0
DA:140,0
DA:141,0
DA:142,0
DA:143,0
DA:144,0
DA:145,0
DA:146,0
DA:147,0
DA:148,0
DA:149,0
DA:153,0
DA:154,0
DA:156,0
DA:157,0
DA:160,0
DA:164,0
DA:165,0
DA:166,0
DA:167,0
DA:168,0
DA:171,0
DA:175,0
DA:176,0
DA:177,0
DA:178,0
DA:180,0
DA:184,0
DA:185,0
DA:186,0
DA:188,0
DA:193,1
LF:113
LH:10
BRDA:49,0,0,0
BRDA:49,0,1,0
BRDA:89,1,0,0
BRDA:89,1,1,0
BRDA:115,2,0,0
BRDA:115,2,1,0
BRDA:147,3,0,0
BRDA:147,3,1,0
BRDA:166,4,0,0
BRDA:166,4,1,0
BRF:10
BRH:0
end_of_record
TN:
SF:middleware/auth.js
FN:3,authenticator
FNF:1
FNH:0
FNDA:0,authenticator
DA:1,1
DA:4,0
DA:6,0
DA:7,0
DA:8,0
DA:9,0
DA:10,0
DA:13,0
DA:14,0
DA:17,0
DA:19,0
DA:23,1
LF:12
LH:2
BRDA:8,0,0,0
BRDA:8,0,1,0
BRF:2
BRH:0
end_of_record
TN:
SF:models/Game.js
FN:7,(anonymous_0)
FN:16,(anonymous_1)
FN:17,(anonymous_2)
FN:20,(anonymous_3)
FN:30,(anonymous_4)
FN:31,(anonymous_5)
FN:48,(anonymous_6)
FN:50,(anonymous_7)
FN:63,(anonymous_8)
FN:74,(anonymous_9)
FN:75,(anonymous_10)
FN:86,(anonymous_11)
FN:87,(anonymous_12)
FN:105,(anonymous_13)
FN:106,(anonymous_14)
FNF:15
FNH:13
FNDA:4,(anonymous_0)
FNDA:1,(anonymous_1)
FNDA:1,(anonymous_2)
FNDA:1,(anonymous_3)
FNDA:2,(anonymous_4)
FNDA:2,(anonymous_5)
FNDA:1,(anonymous_6)
FNDA:1,(anonymous_7)
FNDA:3,(anonymous_8)
FNDA:0,(anonymous_9)
FNDA:0,(anonymous_10)
FNDA:1,(anonymous_11)
FNDA:1,(anonymous_12)
FNDA:3,(anonymous_13)
FNDA:3,(anonymous_14)
DA:1,1
DA:2,1
DA:3,1
DA:4,1
DA:8,4
DA:9,4
DA:10,4
DA:11,4
DA:12,4
DA:17,1
DA:18,1
DA:19,1
DA:20,1
DA:21,1
DA:23,0
DA:24,0
DA:31,2
DA:32,2
DA:33,2
DA:37,2
DA:39,2
DA:41,0
DA:42,0
DA:49,1
DA:50,1
DA:51,1
DA:56,1
DA:57,1
DA:58,1
DA:62,1
DA:63,3
DA:64,1
DA:66,0
DA:67,0
DA:69,1
DA:75,0
DA:76,0
DA:77,0
DA:78,0
DA:80,0
DA:87,1
DA:88,1
DA:90,1
DA:92,1
DA:94,1
DA:96,1
DA:98,0
DA:99,0
DA:106,3
DA:107,3
DA:108,3
DA:109,3
DA:111,0
DA:112,0
DA:118,1
LF:55
LH:40
BRF:0
BRH:0
end_of_record
TN:
SF:models/Round.js
FN:5,(anonymous_0)
FN:13,(anonymous_1)
FN:14,(anonymous_2)
FN:17,(anonymous_3)
FN:26,(anonymous_4)
FN:27,(anonymous_5)
FN:30,(anonymous_6)
FN:40,(anonymous_7)
FN:41,(anonymous_8)
FN:57,(anonymous_9)
FN:58,(anonymous_10)
FN:70,(anonymous_11)
FN:71,(anonymous_12)
FNF:13
FNH:3
FNDA:3,(anonymous_0)
FNDA:0,(anonymous_1)
FNDA:0,(anonymous_2)
FNDA:0,(anonymous_3)
FNDA:0,(anonymous_4)
FNDA:0,(anonymous_5)
FNDA:0,(anonymous_6)
FNDA:3,(anonymous_7)
FNDA:3,(anonymous_8)
FNDA:0,(anonymous_9)
FNDA:0,(anonymous_10)
FNDA:0,(anonymous_11)
FNDA:0,(anonymous_12)
DA:1,1
DA:2,1
DA:6,3
DA:7,3
DA:8,3
DA:14,0
DA:15,0
DA:16,0
DA:17,0
DA:18,0
DA:20,0
DA:27,0
DA:28,0
DA:29,0
DA:30,0
DA:31,0
DA:33,0
DA:41,3
DA:42,3
DA:43,3
DA:47,3
DA:48,3
DA:50,0
DA:51,0
DA:58,0
DA:59,0
DA:60,0
DA:62,0
DA:64,0
DA:65,0
DA:71,0
DA:72,0
DA:73,0
DA:77,0
DA:79,0
DA:85,1
LF:36
LH:11
BRF:0
BRH:0
end_of_record
TN:
SF:models/Score.js
FN:4,(anonymous_0)
FN:13,(anonymous_1)
FN:14,(anonymous_2)
FN:17,(anonymous_3)
FN:27,(anonymous_4)
FN:28,(anonymous_5)
FN:34,(anonymous_6)
FN:44,(anonymous_7)
FN:45,(anonymous_8)
FN:51,(anonymous_9)
FN:61,(anonymous_10)
FN:62,(anonymous_11)
FN:80,(anonymous_12)
FN:81,(anonymous_13)
FN:96,(anonymous_14)
FN:97,(anonymous_15)
FN:113,(anonymous_16)
FN:114,(anonymous_17)
FNF:18
FNH:2
FNDA:0,(anonymous_0)
FNDA:2,(anonymous_1)
FNDA:2,(anonymous_2)
FNDA:0,(anonymous_3)
FNDA:0,(anonymous_4)
FNDA:0,(anonymous_5)
FNDA:0,(anonymous_6)
FNDA:0,(anonymous_7)
FNDA:0,(anonymous_8)
FNDA:0,(anonymous_9)
FNDA:0,(anonymous_10)
FNDA:0,(anonymous_11)
FNDA:0,(anonymous_12)
FNDA:0,(anonymous_13)
FNDA:0,(anonymous_14)
FNDA:0,(anonymous_15)
FNDA:0,(anonymous_16)
FNDA:0,(anonymous_17)
DA:1,1
DA:3,1
DA:5,0
DA:6,0
DA:7,0
DA:8,0
DA:9,0
DA:14,2
DA:15,2
DA:16,2
DA:17,2
DA:18,2
DA:20,0
DA:28,0
DA:29,0
DA:30,0
DA:34,0
DA:35,0
DA:37,0
DA:38,0
DA:45,0
DA:46,0
DA:47,0
DA:51,0
DA:52,0
DA:54,0
DA:62,0
DA:63,0
DA:65,0
DA:70,0
DA:72,0
DA:74,0
DA:75,0
DA:81,0
DA:82,0
DA:83,0
DA:87,0
DA:88,0
DA:90,0
DA:97,0
DA:98,0
DA:99,0
DA:103,0
DA:104,0
DA:106,0
DA:107,0
DA:114,0
DA:115,0
DA:116,0
DA:117,0
DA:121,0
DA:123,0
LF:52
LH:7
BRF:0
BRH:0
end_of_record
TN:
SF:models/Session.js
FN:5,(anonymous_0)
FN:11,(anonymous_1)
FN:12,(anonymous_2)
FN:49,(anonymous_3)
FN:50,(anonymous_4)
FN:68,(anonymous_5)
FN:69,(anonymous_6)
FNF:7
FNH:5
FNDA:4,(anonymous_0)
FNDA:1,(anonymous_1)
FNDA:1,(anonymous_2)
FNDA:4,(anonymous_3)
FNDA:4,(anonymous_4)
FNDA:0,(anonymous_5)
FNDA:0,(anonymous_6)
DA:1,1
DA:2,1
DA:6,4
DA:7,4
DA:8,4
DA:12,1
DA:13,1
DA:14,1
DA:16,1
DA:21,1
DA:22,1
DA:24,0
DA:25,0
DA:50,4
DA:51,4
DA:52,4
DA:56,4
DA:57,1
DA:59,3
DA:60,3
DA:62,1
DA:63,1
DA:69,0
DA:70,0
DA:71,0
DA:75,0
DA:77,0
DA:78,0
DA:84,1
LF:29
LH:21
BRDA:56,0,0,1
BRDA:56,0,1,3
BRF:2
BRH:2
end_of_record
TN:
SF:models/User.js
FN:4,(anonymous_0)
FN:11,(anonymous_1)
FN:12,(anonymous_2)
FN:30,(anonymous_3)
FN:31,(anonymous_4)
FN:50,(anonymous_5)
FN:51,(anonymous_6)
FN:69,(anonymous_7)
FN:70,(anonymous_8)
FN:93,(anonymous_9)
FN:94,(anonymous_10)
FNF:11
FNH:7
FNDA:3,(anonymous_0)
FNDA:2,(anonymous_1)
FNDA:2,(anonymous_2)
FNDA:1,(anonymous_3)
FNDA:1,(anonymous_4)
FNDA:1,(anonymous_5)
FNDA:1,(anonymous_6)
FNDA:0,(anonymous_7)
FNDA:0,(anonymous_8)
FNDA:0,(anonymous_9)
FNDA:0,(anonymous_10)
DA:1,1
DA:5,3
DA:6,3
DA:7,3
DA:8,3
DA:12,2
DA:13,2
DA:14,2
DA:18,2
DA:19,0
DA:21,2
DA:22,2
DA:24,0
DA:25,0
DA:31,1
DA:32,1
DA:34,1
DA:38,1
DA:39,0
DA:41,1
DA:42,1
DA:44,0
DA:45,0
DA:51,1
DA:52,1
DA:53,1
DA:55,1
DA:59,1
DA:60,1
DA:61,1
DA:63,0
DA:64,0
DA:70,0
DA:71,0
DA:72,0
DA:76,0
DA:77,0
DA:78,0
DA:82,0
DA:84,0
DA:87,0
DA:88,0
DA:94,0
DA:95,0
DA:96,0
DA:100,0
DA:101,0
DA:102,0
DA:106,0
DA:108,0
DA:111,0
DA:112,0
DA:118,1
LF:53
LH:25
BRDA:18,0,0,0
BRDA:18,0,1,2
BRDA:38,1,0,0
BRDA:38,1,1,1
BRDA:77,2,0,0
BRDA:77,2,1,0
BRDA:101,3,0,0
BRDA:101,3,1,0
BRF:8
BRH:2
end_of_record
TN:
SF:routers/games.js
FNF:0
FNH:0
DA:1,1
DA:2,1
DA:3,1
DA:4,1
DA:6,1
DA:7,1
DA:8,1
DA:9,1
DA:10,1
DA:13,1
LF:10
LH:10
BRF:0
BRH:0
end_of_record
TN:
SF:routers/rounds.js
FNF:0
FNH:0
DA:2,1
DA:3,1
DA:4,1
DA:5,1
DA:7,1
DA:8,1
DA:9,1
DA:12,1
LF:8
LH:8
BRF:0
BRH:0
end_of_record
TN:
SF:routers/scores.js
FNF:0
FNH:0
DA:1,1
DA:2,1
DA:3,1
DA:4,1
DA:6,1
DA:7,1
DA:8,1
DA:9,1
DA:10,1
DA:11,1
DA:13,1
LF:11
LH:11
BRF:0
BRH:0
end_of_record
TN:
SF:routers/users.js
FNF:0
FNH:0
DA:1,1
DA:2,1
DA:4,1
DA:6,1
DA:7,1
DA:8,1
DA:9,1
DA:10,1
DA:11,1
DA:12,1
DA:14,1
LF:11
LH:11
BRF:0
BRH:0
end_of_record
